#
# There is insufficient memory for the Java Runtime Environment to continue.
# Native memory allocation (malloc) failed to allocate 356560 bytes for Chunk::new
# Possible reasons:
#   The system is out of physical RAM or swap space
#   The process is running with CompressedOops enabled, and the Java Heap may be blocking the growth of the native heap
# Possible solutions:
#   Reduce memory load on the system
#   Increase physical memory or swap space
#   Check if swap backing store is full
#   Decrease Java heap size (-Xmx/-Xms)
#   Decrease number of Java threads
#   Decrease Java thread stack sizes (-Xss)
#   Set larger code cache with -XX:ReservedCodeCacheSize=
#   JVM is running with Unscaled Compressed Oops mode in which the Java heap is
#     placed in the first 4GB address space. The Java Heap base address is the
#     maximum limit for the native heap growth. Please use -XX:HeapBaseMinAddress
#     to set the Java Heap base and to place the Java Heap above 4GB virtual address.
# This output file may be truncated or incomplete.
#
#  Out of Memory Error (allocation.cpp:389), pid=7364, tid=0x0000000000006758
#
# JRE version: OpenJDK Runtime Environment (8.0_212-b04) (build 1.8.0_212-release-1586-b04)
# Java VM: OpenJDK 64-Bit Server VM (25.212-b04 mixed mode windows-amd64 compressed oops)
# Failed to write core dump. Minidumps are not enabled by default on client versions of Windows
#

---------------  T H R E A D  ---------------

Current thread (0x000000001889e800):  JavaThread "C2 CompilerThread2" daemon [_thread_in_native, id=26456, stack(0x0000000019390000,0x0000000019490000)]

Stack: [0x0000000019390000,0x0000000019490000]
[error occurred during error reporting (printing stack bounds), id 0xc0000005]

Native frames: (J=compiled Java code, j=interpreted, Vv=VM code, C=native code)


Current CompileTask:
C2:   9800 3575   !   4       java.util.jar.Attributes::read (380 bytes)


---------------  P R O C E S S  ---------------

Java Threads: ( => current thread )
  0x000000001d11c800 JavaThread "Cache worker for Build Output Cleanup Cache (C:\Users\USUARIO\Desktop\TrasteosMedellin\.gradle\buildOutputCleanup)" [_thread_blocked, id=25916, stack(0x0000000023ad0000,0x0000000023bd0000)]
  0x000000001d115000 JavaThread "pool-1-thread-1" [_thread_blocked, id=19928, stack(0x00000000237d0000,0x00000000238d0000)]
  0x000000001d11b000 JavaThread "Build operations Thread 8" [_thread_blocked, id=22328, stack(0x00000000232d0000,0x00000000233d0000)]
  0x000000001d113800 JavaThread "Build operations Thread 7" [_thread_blocked, id=20492, stack(0x00000000231d0000,0x00000000232d0000)]
  0x000000001d11a000 JavaThread "Build operations Thread 6" [_thread_blocked, id=20768, stack(0x00000000230d0000,0x00000000231d0000)]
  0x000000001d118000 JavaThread "Build operations Thread 5" [_thread_blocked, id=10936, stack(0x0000000022fd0000,0x00000000230d0000)]
  0x000000001d117000 JavaThread "Build operations Thread 4" [_thread_blocked, id=27476, stack(0x0000000022ed0000,0x0000000022fd0000)]
  0x000000001d116800 JavaThread "Build operations Thread 3" [_thread_blocked, id=8508, stack(0x0000000022dd0000,0x0000000022ed0000)]
  0x000000001d119800 JavaThread "Build operations Thread 2" [_thread_blocked, id=21948, stack(0x0000000021ae0000,0x0000000021be0000)]
  0x000000001d114000 JavaThread "Build operations" [_thread_blocked, id=9108, stack(0x00000000219e0000,0x0000000021ae0000)]
  0x000000001d118800 JavaThread "Cache worker for execution history cache (C:\Users\USUARIO\.gradle\caches\5.4.1\executionHistory)" [_thread_blocked, id=8800, stack(0x00000000216e0000,0x00000000217e0000)]
  0x000000001a802800 JavaThread "Cache worker for cache directory md-rule (C:\Users\USUARIO\.gradle\caches\5.4.1\md-rule)" [_thread_blocked, id=23344, stack(0x00000000215e0000,0x00000000216e0000)]
  0x000000001a802000 JavaThread "Cache worker for cache directory md-supplier (C:\Users\USUARIO\.gradle\caches\5.4.1\md-supplier)" [_thread_blocked, id=3848, stack(0x00000000214e0000,0x00000000215e0000)]
  0x000000001a805000 JavaThread "Cache worker for file hash cache (C:\Users\USUARIO\Desktop\TrasteosMedellin\.gradle\5.4.1\fileHashes)" [_thread_blocked, id=20016, stack(0x000000001f980000,0x000000001fa80000)]
  0x000000001a805800 JavaThread "Cache worker for journal cache (C:\Users\USUARIO\.gradle\caches\journal-1)" [_thread_blocked, id=1332, stack(0x000000001d4e0000,0x000000001d5e0000)]
  0x000000001a807800 JavaThread "File lock request listener" [_thread_in_native, id=22156, stack(0x000000001d3e0000,0x000000001d4e0000)]
  0x000000001ad7f800 JavaThread "Cache worker for file hash cache (C:\Users\USUARIO\.gradle\caches\5.4.1\fileHashes)" [_thread_blocked, id=12676, stack(0x000000001d2e0000,0x000000001d3e0000)]
  0x000000001aae0000 JavaThread "Thread-9" [_thread_blocked, id=24608, stack(0x000000001c210000,0x000000001c310000)]
  0x000000001aae1800 JavaThread "Stdin handler" [_thread_blocked, id=3820, stack(0x000000001c110000,0x000000001c210000)]
  0x000000001ac8b000 JavaThread "Asynchronous log dispatcher for DefaultDaemonConnection: socket connection from /127.0.0.1:49658 to /127.0.0.1:49659" [_thread_blocked, id=21648, stack(0x000000001bf10000,0x000000001c010000)]
  0x000000001a964000 JavaThread "Daemon worker" [_thread_blocked, id=2864, stack(0x000000001be10000,0x000000001bf10000)]
  0x000000001a962800 JavaThread "Cancel handler" [_thread_blocked, id=1820, stack(0x000000001bd10000,0x000000001be10000)]
  0x0000000018c03800 JavaThread "Handler for socket connection from /127.0.0.1:49658 to /127.0.0.1:49659" [_thread_in_native, id=26088, stack(0x000000001ba10000,0x000000001bb10000)]
  0x0000000018bfb000 JavaThread "Daemon" [_thread_blocked, id=8328, stack(0x000000001b910000,0x000000001ba10000)]
  0x00000000199e8800 JavaThread "Daemon periodic checks" [_thread_blocked, id=9816, stack(0x000000001b810000,0x000000001b910000)]
  0x0000000019965800 JavaThread "Incoming local TCP Connector on port 49658" [_thread_in_native, id=9092, stack(0x000000001b5a0000,0x000000001b6a0000)]
  0x000000001a9d3800 JavaThread "Daemon health stats" [_thread_blocked, id=26212, stack(0x000000001af60000,0x000000001b060000)]
  0x000000001893a800 JavaThread "Service Thread" daemon [_thread_blocked, id=26228, stack(0x0000000019590000,0x0000000019690000)]
  0x000000001889f800 JavaThread "C1 CompilerThread3" daemon [_thread_blocked, id=10048, stack(0x0000000019490000,0x0000000019590000)]
=>0x000000001889e800 JavaThread "C2 CompilerThread2" daemon [_thread_in_native, id=26456, stack(0x0000000019390000,0x0000000019490000)]
  0x0000000018899800 JavaThread "C2 CompilerThread1" daemon [_thread_in_native, id=24836, stack(0x0000000019290000,0x0000000019390000)]
  0x00000000188a5800 JavaThread "C2 CompilerThread0" daemon [_thread_in_native, id=13108, stack(0x0000000019190000,0x0000000019290000)]
  0x00000000188a4800 JavaThread "Attach Listener" daemon [_thread_blocked, id=2912, stack(0x0000000019090000,0x0000000019190000)]
  0x00000000188a1800 JavaThread "Signal Dispatcher" daemon [_thread_blocked, id=6760, stack(0x0000000018f90000,0x0000000019090000)]
  0x0000000002bf9800 JavaThread "Finalizer" daemon [_thread_blocked, id=13036, stack(0x0000000018d70000,0x0000000018e70000)]
  0x0000000018890800 JavaThread "Reference Handler" daemon [_thread_blocked, id=16752, stack(0x0000000018c70000,0x0000000018d70000)]
  0x0000000002b02800 JavaThread "main" [_thread_blocked, id=26668, stack(0x00000000029f0000,0x0000000002af0000)]

Other Threads:
  0x0000000016a86000 VMThread [stack: 0x0000000018770000,0x0000000018870000] [id=20424]
  0x000000001893b800 WatcherThread [stack: 0x0000000019690000,0x0000000019790000] [id=6108]

VM state:at safepoint (normal execution)

VM Mutex/Monitor currently owned by a thread:  ([mutex/lock_event])
[0x0000000002ccd630] Threads_lock - owner thread: 0x0000000016a86000
[0x0000000002ccd530] Heap_lock - owner thread: 0x000000001a964000

heap address: 0x00000000a0000000, size: 1536 MB, Compressed Oops mode: 32-bit
Narrow klass base: 0x0000000000000000, Narrow klass shift: 3
Compressed class space size: 1073741824 Address: 0x0000000100000000

Heap:
 PSYoungGen      total 76800K, used 66560K [0x00000000e0000000, 0x00000000e6e00000, 0x0000000100000000)
  eden space 66560K, 100% used [0x00000000e0000000,0x00000000e4100000,0x00000000e4100000)
  from space 10240K, 0% used [0x00000000e4100000,0x00000000e4100000,0x00000000e4b00000)
  to   space 12288K, 23% used [0x00000000e6200000,0x00000000e64d12f0,0x00000000e6e00000)
 ParOldGen       total 59392K, used 17893K [0x00000000a0000000, 0x00000000a3a00000, 0x00000000e0000000)
  object space 59392K, 30% used [0x00000000a0000000,0x00000000a11796c8,0x00000000a3a00000)
 Metaspace       used 42454K, capacity 43382K, committed 43688K, reserved 1087488K
  class space    used 5745K, capacity 6023K, committed 6056K, reserved 1048576K

Card table byte_map: [0x0000000012090000,0x00000000123a0000] byte_map_base: 0x0000000011b90000

Marking Bits: (ParMarkBitMap*) 0x000000006c969f30
 Begin Bits: [0x0000000012da0000, 0x00000000145a0000)
 End Bits:   [0x00000000145a0000, 0x0000000015da0000)

Polling page: 0x0000000000dc0000

CodeCache: size=245760Kb used=11420Kb max_used=11420Kb free=234340Kb
 bounds [0x0000000002cd0000, 0x0000000003810000, 0x0000000011cd0000]
 total_blobs=4114 nmethods=3371 adapters=656
 compilation: enabled

Compilation events (10 events):
Event: 9.755 Thread 0x00000000188a5800 3644   !   4       java.lang.StringCoding$StringDecoder::decode (179 bytes)
Event: 9.759 Thread 0x000000001889f800 nmethod 3645 0x00000000037fd250 code [0x00000000037fd5e0, 0x00000000037ff058]
Event: 9.764 Thread 0x00000000188a5800 nmethod 3644 0x00000000037fa950 code [0x00000000037faac0, 0x00000000037fae18]
Event: 9.764 Thread 0x00000000188a5800 3646   !   4       java.lang.StringCoding::decode (120 bytes)
Event: 9.791 Thread 0x000000001889f800 3651       3       java.util.Arrays::equals (54 bytes)
Event: 9.792 Thread 0x000000001889f800 nmethod 3651 0x00000000037fa350 code [0x00000000037fa4c0, 0x00000000037fa830]
Event: 9.792 Thread 0x000000001889f800 3652       3       sun.security.util.DerInputBuffer::<init> (16 bytes)
Event: 9.792 Thread 0x000000001889f800 nmethod 3652 0x00000000037f9dd0 code [0x00000000037f9f40, 0x00000000037fa1f0]
Event: 9.792 Thread 0x000000001889f800 3653       3       sun.security.util.DerValue::init (207 bytes)
Event: 9.795 Thread 0x000000001889f800 nmethod 3653 0x0000000003801a90 code [0x0000000003801dc0, 0x0000000003803818]

GC Heap History (10 events):
Event: 4.937 GC heap before
{Heap before GC invocations=7 (full 1):
 PSYoungGen      total 76288K, used 6962K [0x00000000e0000000, 0x00000000e5500000, 0x0000000100000000)
  eden space 66560K, 0% used [0x00000000e0000000,0x00000000e0000000,0x00000000e4100000)
  from space 9728K, 71% used [0x00000000e4b80000,0x00000000e524cbe0,0x00000000e5500000)
  to   space 10240K, 0% used [0x00000000e4100000,0x00000000e4100000,0x00000000e4b00000)
 ParOldGen       total 87552K, used 9052K [0x00000000a0000000, 0x00000000a5580000, 0x00000000e0000000)
  object space 87552K, 10% used [0x00000000a0000000,0x00000000a08d73b0,0x00000000a5580000)
 Metaspace       used 20620K, capacity 21128K, committed 21296K, reserved 1067008K
  class space    used 2943K, capacity 3120K, committed 3200K, reserved 1048576K
Event: 5.016 GC heap after
Heap after GC invocations=7 (full 1):
 PSYoungGen      total 76288K, used 0K [0x00000000e0000000, 0x00000000e5500000, 0x0000000100000000)
  eden space 66560K, 0% used [0x00000000e0000000,0x00000000e0000000,0x00000000e4100000)
  from space 9728K, 0% used [0x00000000e4b80000,0x00000000e4b80000,0x00000000e5500000)
  to   space 10240K, 0% used [0x00000000e4100000,0x00000000e4100000,0x00000000e4b00000)
 ParOldGen       total 59392K, used 8231K [0x00000000a0000000, 0x00000000a3a00000, 0x00000000e0000000)
  object space 59392K, 13% used [0x00000000a0000000,0x00000000a0809fd8,0x00000000a3a00000)
 Metaspace       used 20620K, capacity 21128K, committed 21296K, reserved 1067008K
  class space    used 2943K, capacity 3120K, committed 3200K, reserved 1048576K
}
Event: 6.532 GC heap before
{Heap before GC invocations=8 (full 1):
 PSYoungGen      total 76288K, used 66560K [0x00000000e0000000, 0x00000000e5500000, 0x0000000100000000)
  eden space 66560K, 100% used [0x00000000e0000000,0x00000000e4100000,0x00000000e4100000)
  from space 9728K, 0% used [0x00000000e4b80000,0x00000000e4b80000,0x00000000e5500000)
  to   space 10240K, 0% used [0x00000000e4100000,0x00000000e4100000,0x00000000e4b00000)
 ParOldGen       total 59392K, used 8231K [0x00000000a0000000, 0x00000000a3a00000, 0x00000000e0000000)
  object space 59392K, 13% used [0x00000000a0000000,0x00000000a0809fd8,0x00000000a3a00000)
 Metaspace       used 28941K, capacity 29508K, committed 29696K, reserved 1075200K
  class space    used 3910K, capacity 4093K, committed 4096K, reserved 1048576K
Event: 6.549 GC heap after
Heap after GC invocations=8 (full 1):
 PSYoungGen      total 76800K, used 8094K [0x00000000e0000000, 0x00000000e5500000, 0x0000000100000000)
  eden space 66560K, 0% used [0x00000000e0000000,0x00000000e0000000,0x00000000e4100000)
  from space 10240K, 79% used [0x00000000e4100000,0x00000000e48e78d0,0x00000000e4b00000)
  to   space 9728K, 0% used [0x00000000e4b80000,0x00000000e4b80000,0x00000000e5500000)
 ParOldGen       total 59392K, used 8239K [0x00000000a0000000, 0x00000000a3a00000, 0x00000000e0000000)
  object space 59392K, 13% used [0x00000000a0000000,0x00000000a080bfd8,0x00000000a3a00000)
 Metaspace       used 28941K, capacity 29508K, committed 29696K, reserved 1075200K
  class space    used 3910K, capacity 4093K, committed 4096K, reserved 1048576K
}
Event: 7.504 GC heap before
{Heap before GC invocations=9 (full 1):
 PSYoungGen      total 76800K, used 74654K [0x00000000e0000000, 0x00000000e5500000, 0x0000000100000000)
  eden space 66560K, 100% used [0x00000000e0000000,0x00000000e4100000,0x00000000e4100000)
  from space 10240K, 79% used [0x00000000e4100000,0x00000000e48e78d0,0x00000000e4b00000)
  to   space 9728K, 0% used [0x00000000e4b80000,0x00000000e4b80000,0x00000000e5500000)
 ParOldGen       total 59392K, used 8239K [0x00000000a0000000, 0x00000000a3a00000, 0x00000000e0000000)
  object space 59392K, 13% used [0x00000000a0000000,0x00000000a080bfd8,0x00000000a3a00000)
 Metaspace       used 32171K, capacity 32744K, committed 33152K, reserved 1077248K
  class space    used 4442K, capacity 4617K, committed 4736K, reserved 1048576K
Event: 7.516 GC heap after
Heap after GC invocations=9 (full 1):
 PSYoungGen      total 76288K, used 8628K [0x00000000e0000000, 0x00000000e5500000, 0x0000000100000000)
  eden space 66560K, 0% used [0x00000000e0000000,0x00000000e0000000,0x00000000e4100000)
  from space 9728K, 88% used [0x00000000e4b80000,0x00000000e53ed2e8,0x00000000e5500000)
  to   space 10240K, 0% used [0x00000000e4100000,0x00000000e4100000,0x00000000e4b00000)
 ParOldGen       total 59392K, used 8247K [0x00000000a0000000, 0x00000000a3a00000, 0x00000000e0000000)
  object space 59392K, 13% used [0x00000000a0000000,0x00000000a080dfd8,0x00000000a3a00000)
 Metaspace       used 32171K, capacity 32744K, committed 33152K, reserved 1077248K
  class space    used 4442K, capacity 4617K, committed 4736K, reserved 1048576K
}
Event: 8.533 GC heap before
{Heap before GC invocations=10 (full 1):
 PSYoungGen      total 76288K, used 64897K [0x00000000e0000000, 0x00000000e5500000, 0x0000000100000000)
  eden space 66560K, 84% used [0x00000000e0000000,0x00000000e36f3478,0x00000000e4100000)
  from space 9728K, 88% used [0x00000000e4b80000,0x00000000e53ed2e8,0x00000000e5500000)
  to   space 10240K, 0% used [0x00000000e4100000,0x00000000e4100000,0x00000000e4b00000)
 ParOldGen       total 59392K, used 8247K [0x00000000a0000000, 0x00000000a3a00000, 0x00000000e0000000)
  object space 59392K, 13% used [0x00000000a0000000,0x00000000a080dfd8,0x00000000a3a00000)
 Metaspace       used 34646K, capacity 35464K, committed 35496K, reserved 1079296K
  class space    used 4776K, capacity 5031K, committed 5032K, reserved 1048576K
Event: 8.545 GC heap after
Heap after GC invocations=10 (full 1):
 PSYoungGen      total 76800K, used 10215K [0x00000000e0000000, 0x00000000e6e00000, 0x0000000100000000)
  eden space 66560K, 0% used [0x00000000e0000000,0x00000000e0000000,0x00000000e4100000)
  from space 10240K, 99% used [0x00000000e4100000,0x00000000e4af9f58,0x00000000e4b00000)
  to   space 12288K, 0% used [0x00000000e6200000,0x00000000e6200000,0x00000000e6e00000)
 ParOldGen       total 59392K, used 8999K [0x00000000a0000000, 0x00000000a3a00000, 0x00000000e0000000)
  object space 59392K, 15% used [0x00000000a0000000,0x00000000a08c9e70,0x00000000a3a00000)
 Metaspace       used 34646K, capacity 35464K, committed 35496K, reserved 1079296K
  class space    used 4776K, capacity 5031K, committed 5032K, reserved 1048576K
}
Event: 8.545 GC heap before
{Heap before GC invocations=11 (full 2):
 PSYoungGen      total 76800K, used 10215K [0x00000000e0000000, 0x00000000e6e00000, 0x0000000100000000)
  eden space 66560K, 0% used [0x00000000e0000000,0x00000000e0000000,0x00000000e4100000)
  from space 10240K, 99% used [0x00000000e4100000,0x00000000e4af9f58,0x00000000e4b00000)
  to   space 12288K, 0% used [0x00000000e6200000,0x00000000e6200000,0x00000000e6e00000)
 ParOldGen       total 59392K, used 8999K [0x00000000a0000000, 0x00000000a3a00000, 0x00000000e0000000)
  object space 59392K, 15% used [0x00000000a0000000,0x00000000a08c9e70,0x00000000a3a00000)
 Metaspace       used 34646K, capacity 35464K, committed 35496K, reserved 1079296K
  class space    used 4776K, capacity 5031K, committed 5032K, reserved 1048576K
Event: 8.638 GC heap after
Heap after GC invocations=11 (full 2):
 PSYoungGen      total 76800K, used 0K [0x00000000e0000000, 0x00000000e6e00000, 0x0000000100000000)
  eden space 66560K, 0% used [0x00000000e0000000,0x00000000e0000000,0x00000000e4100000)
  from space 10240K, 0% used [0x00000000e4100000,0x00000000e4100000,0x00000000e4b00000)
  to   space 12288K, 0% used [0x00000000e6200000,0x00000000e6200000,0x00000000e6e00000)
 ParOldGen       total 59392K, used 17885K [0x00000000a0000000, 0x00000000a3a00000, 0x00000000e0000000)
  object space 59392K, 30% used [0x00000000a0000000,0x00000000a11776c8,0x00000000a3a00000)
 Metaspace       used 34625K, capacity 35392K, committed 35496K, reserved 1079296K
  class space    used 4769K, capacity 5019K, committed 5032K, reserved 1048576K
}

Deoptimization events (10 events):
Event: 9.678 Thread 0x000000001a964000 Uncommon trap: reason=unstable_if action=reinterpret pc=0x0000000003170f7c method=java.lang.CharacterDataLatin1.isWhitespace(I)Z @ 14
Event: 9.746 Thread 0x000000001a964000 Uncommon trap: reason=unstable_if action=reinterpret pc=0x0000000002df5ec0 method=java.util.jar.JarFile.maybeInstantiateVerifier()V @ 4
Event: 9.748 Thread 0x000000001a964000 Uncommon trap: reason=unstable_if action=reinterpret pc=0x00000000032007d4 method=java.util.jar.JarFile.maybeInstantiateVerifier()V @ 4
Event: 9.748 Thread 0x000000001a964000 Uncommon trap: reason=unstable_if action=reinterpret pc=0x0000000002fb6b30 method=java.security.CodeSource.<init>(Ljava/net/URL;[Ljava/security/CodeSigner;)V @ 25
Event: 9.749 Thread 0x000000001a964000 Uncommon trap: reason=unstable_if action=reinterpret pc=0x00000000031ef16c method=java.security.CodeSource.getCertificates()[Ljava/security/cert/Certificate; @ 22
Event: 9.750 Thread 0x000000001a964000 Uncommon trap: reason=unstable_if action=reinterpret pc=0x00000000035795a8 method=java.util.jar.JarFile.maybeInstantiateVerifier()V @ 4
Event: 9.750 Thread 0x000000001a964000 Uncommon trap: reason=unstable_if action=reinterpret pc=0x000000000363ae68 method=java.util.jar.JarFile.maybeInstantiateVerifier()V @ 4
Event: 9.750 Thread 0x000000001a964000 Uncommon trap: reason=unstable_if action=reinterpret pc=0x000000000317c470 method=java.util.jar.JarFile.maybeInstantiateVerifier()V @ 4
Event: 9.750 Thread 0x000000001a964000 Uncommon trap: reason=unstable_if action=reinterpret pc=0x00000000031ba17c method=java.security.CodeSource.matchCerts(Ljava/security/CodeSource;Z)Z @ 11
Event: 9.791 Thread 0x000000001a964000 Uncommon trap: reason=unstable_if action=reinterpret pc=0x00000000036fd8bc method=java.util.LinkedHashMap.get(Ljava/lang/Object;)Ljava/lang/Object; @ 20

Classes redefined (0 events):
No events

Internal exceptions (10 events):
Event: 8.450 Thread 0x000000001a964000 Exception <a 'java/lang/ClassNotFoundException': org/gradle/api/tasks/DeleteCustomizer> (0x00000000e32e1870) thrown at [D:\src\AOSP-openjdk-cygwin\jdk8u\hotspot\src\share\vm\classfile\systemDictionary.cpp, line 210]
Event: 8.452 Thread 0x000000001a964000 Exception <a 'java/lang/ClassNotFoundException': org/gradle/api/tasks/Delete_DecoratedCustomizer> (0x00000000e332a508) thrown at [D:\src\AOSP-openjdk-cygwin\jdk8u\hotspot\src\share\vm\classfile\systemDictionary.cpp, line 210]
Event: 8.493 Thread 0x000000001a964000 Exception <a 'java/lang/ClassNotFoundException': build_6vjgzku729mrwxvpngd2b9f2bBeanInfo> (0x00000000e342bd08) thrown at [D:\src\AOSP-openjdk-cygwin\jdk8u\hotspot\src\share\vm\classfile\systemDictionary.cpp, line 210]
Event: 8.494 Thread 0x000000001a964000 Exception <a 'java/lang/ClassNotFoundException': build_6vjgzku729mrwxvpngd2b9f2bCustomizer> (0x00000000e3437910) thrown at [D:\src\AOSP-openjdk-cygwin\jdk8u\hotspot\src\share\vm\classfile\systemDictionary.cpp, line 210]
Event: 8.500 Thread 0x000000001a964000 Exception <a 'java/lang/ClassNotFoundException': org/gradle/api/internal/plugins/DefaultObjectConfigurationActionBeanInfo> (0x00000000e34a6d98) thrown at [D:\src\AOSP-openjdk-cygwin\jdk8u\hotspot\src\share\vm\classfile\systemDictionary.cpp, line 210]
Event: 8.501 Thread 0x000000001a964000 Exception <a 'java/lang/ClassNotFoundException': org/gradle/api/internal/plugins/DefaultObjectConfigurationActionCustomizer> (0x00000000e34e4358) thrown at [D:\src\AOSP-openjdk-cygwin\jdk8u\hotspot\src\share\vm\classfile\systemDictionary.cpp, line 210]
Event: 8.878 Thread 0x000000001a964000 Implicit null exception at 0x00000000036edae2 to 0x00000000036ef7b1
Event: 8.878 Thread 0x000000001a964000 Implicit null exception at 0x0000000003614f55 to 0x000000000361523d
Event: 9.011 Thread 0x000000001a964000 Exception <a 'sun/nio/fs/WindowsException'> (0x00000000e1015208) thrown at [D:\src\AOSP-openjdk-cygwin\jdk8u\hotspot\src\share\vm\prims\jni.cpp, line 710]
Event: 9.619 Thread 0x000000001a964000 Implicit null exception at 0x0000000002ec9ee8 to 0x0000000002eca40d

Events (10 events):
Event: 9.789 Thread 0x000000001a964000 DEOPT UNPACKING pc=0x0000000002d175d0 sp=0x000000001bf06750 mode 0
Event: 9.789 Thread 0x000000001a964000 DEOPT PACKING pc=0x0000000003231989 sp=0x000000001bf06a50
Event: 9.789 Thread 0x000000001a964000 DEOPT UNPACKING pc=0x0000000002d175d0 sp=0x000000001bf06750 mode 0
Event: 9.790 Thread 0x000000001a964000 DEOPT PACKING pc=0x0000000003231989 sp=0x000000001bf06a50
Event: 9.790 Thread 0x000000001a964000 DEOPT UNPACKING pc=0x0000000002d175d0 sp=0x000000001bf06750 mode 0
Event: 9.790 Thread 0x000000001a964000 DEOPT PACKING pc=0x0000000003231989 sp=0x000000001bf06a50
Event: 9.790 Thread 0x000000001a964000 DEOPT UNPACKING pc=0x0000000002d175d0 sp=0x000000001bf06750 mode 0
Event: 9.791 Thread 0x000000001a964000 Uncommon trap: trap_request=0xffffff65 fr.pc=0x00000000036fd8bc
Event: 9.791 Thread 0x000000001a964000 DEOPT PACKING pc=0x00000000036fd8bc sp=0x000000001bf06670
Event: 9.791 Thread 0x000000001a964000 DEOPT UNPACKING pc=0x0000000002d1557b sp=0x000000001bf06630 mode 2


Dynamic libraries:
0x00007ff6cf6c0000 - 0x00007ff6cf6f1000 	C:\Program Files\Android\Android Studio\jre\bin\java.exe
0x00007ffba7370000 - 0x00007ffba7564000 	C:\WINDOWS\SYSTEM32\ntdll.dll
0x00007ffba6710000 - 0x00007ffba67cd000 	C:\WINDOWS\System32\KERNEL32.DLL
0x00007ffba4af0000 - 0x00007ffba4db7000 	C:\WINDOWS\System32\KERNELBASE.dll
0x00007ffba5fb0000 - 0x00007ffba605a000 	C:\WINDOWS\System32\ADVAPI32.dll
0x00007ffba5c80000 - 0x00007ffba5d1e000 	C:\WINDOWS\System32\msvcrt.dll
0x00007ffba6930000 - 0x00007ffba69cb000 	C:\WINDOWS\System32\sechost.dll
0x00007ffba53e0000 - 0x00007ffba5503000 	C:\WINDOWS\System32\RPCRT4.dll
0x00007ffba6170000 - 0x00007ffba6310000 	C:\WINDOWS\System32\USER32.dll
0x00007ffba4ac0000 - 0x00007ffba4ae2000 	C:\WINDOWS\System32\win32u.dll
0x00007ffba5c50000 - 0x00007ffba5c7a000 	C:\WINDOWS\System32\GDI32.dll
0x00007ffba4df0000 - 0x00007ffba4ef9000 	C:\WINDOWS\System32\gdi32full.dll
0x00007ffba5260000 - 0x00007ffba52fd000 	C:\WINDOWS\System32\msvcp_win.dll
0x00007ffba5160000 - 0x00007ffba5260000 	C:\WINDOWS\System32\ucrtbase.dll
0x00007ffb8e080000 - 0x00007ffb8e31a000 	C:\WINDOWS\WinSxS\amd64_microsoft.windows.common-controls_6595b64144ccf1df_6.0.19041.1_none_b555e41d4684ddec\COMCTL32.dll
0x00007ffba6b20000 - 0x00007ffba6b50000 	C:\WINDOWS\System32\IMM32.DLL
0x000000006c0c0000 - 0x000000006c192000 	C:\Program Files\Android\Android Studio\jre\jre\bin\msvcr100.dll
0x000000006c1a0000 - 0x000000006c9e6000 	C:\Program Files\Android\Android Studio\jre\jre\bin\server\jvm.dll
0x00007ffba6b50000 - 0x00007ffba6b58000 	C:\WINDOWS\System32\PSAPI.DLL
0x00007ffb90330000 - 0x00007ffb90357000 	C:\WINDOWS\SYSTEM32\WINMM.dll
0x00007ffb91dc0000 - 0x00007ffb91dc9000 	C:\WINDOWS\SYSTEM32\WSOCK32.dll
0x00007ffb9a1e0000 - 0x00007ffb9a1ea000 	C:\WINDOWS\SYSTEM32\VERSION.dll
0x00007ffba67e0000 - 0x00007ffba684b000 	C:\WINDOWS\System32\WS2_32.dll
0x00007ffb9ee40000 - 0x00007ffb9ee4f000 	C:\Program Files\Android\Android Studio\jre\jre\bin\verify.dll
0x00007ffb93e40000 - 0x00007ffb93e69000 	C:\Program Files\Android\Android Studio\jre\jre\bin\java.dll
0x00007ffb9dbc0000 - 0x00007ffb9dbd6000 	C:\Program Files\Android\Android Studio\jre\jre\bin\zip.dll
0x00007ffba5510000 - 0x00007ffba5c41000 	C:\WINDOWS\System32\SHELL32.dll
0x00007ffba2ce0000 - 0x00007ffba346a000 	C:\WINDOWS\SYSTEM32\windows.storage.dll
0x00007ffba6390000 - 0x00007ffba66e4000 	C:\WINDOWS\System32\combase.dll
0x00007ffba4470000 - 0x00007ffba449b000 	C:\WINDOWS\SYSTEM32\Wldp.dll
0x00007ffba6bc0000 - 0x00007ffba6c6e000 	C:\WINDOWS\System32\SHCORE.dll
0x00007ffba6b60000 - 0x00007ffba6bb5000 	C:\WINDOWS\System32\shlwapi.dll
0x00007ffba4a00000 - 0x00007ffba4a1f000 	C:\WINDOWS\SYSTEM32\profapi.dll
0x00007ffb9bb80000 - 0x00007ffb9bb9a000 	C:\Program Files\Android\Android Studio\jre\jre\bin\net.dll
0x00007ffb9a3f0000 - 0x00007ffb9a5dd000 	C:\WINDOWS\SYSTEM32\urlmon.dll
0x00007ffb9b2e0000 - 0x00007ffb9b58e000 	C:\WINDOWS\SYSTEM32\iertutil.dll
0x00007ffba41f0000 - 0x00007ffba425a000 	C:\WINDOWS\system32\mswsock.dll
0x00007ffb94770000 - 0x00007ffb94783000 	C:\Program Files\Android\Android Studio\jre\jre\bin\nio.dll
0x00007ffb8dea0000 - 0x00007ffb8dec6000 	C:\Users\USUARIO\.gradle\native\29\windows-amd64\native-platform.dll
0x00007ffb9e620000 - 0x00007ffb9e62d000 	C:\Program Files\Android\Android Studio\jre\jre\bin\management.dll
0x00007ffba43c0000 - 0x00007ffba43d8000 	C:\WINDOWS\SYSTEM32\CRYPTSP.dll
0x00007ffba3b80000 - 0x00007ffba3bb4000 	C:\WINDOWS\system32\rsaenh.dll
0x00007ffba4dc0000 - 0x00007ffba4de7000 	C:\WINDOWS\System32\bcrypt.dll
0x00007ffba49c0000 - 0x00007ffba49ee000 	C:\WINDOWS\SYSTEM32\USERENV.dll
0x00007ffba5300000 - 0x00007ffba537f000 	C:\WINDOWS\System32\bcryptprimitives.dll
0x00007ffba43e0000 - 0x00007ffba43ec000 	C:\WINDOWS\SYSTEM32\CRYPTBASE.dll
0x00007ffba3ee0000 - 0x00007ffba3f1b000 	C:\WINDOWS\SYSTEM32\IPHLPAPI.DLL
0x00007ffba67d0000 - 0x00007ffba67d9000 	C:\WINDOWS\System32\NSI.dll
0x00007ffb9ea10000 - 0x00007ffb9ea27000 	C:\WINDOWS\SYSTEM32\dhcpcsvc6.DLL
0x00007ffb9ea70000 - 0x00007ffb9ea8d000 	C:\WINDOWS\SYSTEM32\dhcpcsvc.DLL
0x00007ffba3f20000 - 0x00007ffba3fea000 	C:\WINDOWS\SYSTEM32\DNSAPI.dll

VM Arguments:
jvm_args: -Xmx1536m -Dfile.encoding=windows-1252 -Duser.country=CO -Duser.language=es -Duser.variant 
java_command: org.gradle.launcher.daemon.bootstrap.GradleDaemon 5.4.1
java_class_path (initial): C:\Users\USUARIO\.gradle\wrapper\dists\gradle-5.4.1-all\3221gyojl5jsh0helicew7rwx\gradle-5.4.1\lib\gradle-launcher-5.4.1.jar
Launcher Type: SUN_STANDARD

Environment Variables:
PATH=C:\Program Files (x86)\Common Files\Oracle\Java\javapath;C:\Windows\system32;C:\Program Files (x86)\Intel\Intel(R) Management Engine Components\iCLS\;C:\Program Files\Intel\Intel(R) Management Engine Components\iCLS\;C:\Windows;C:\Windows\System32\Wbem;C:\Windows\System32\WindowsPowerShell\v1.0\;C:\Windows\System32\OpenSSH\;C:\Program Files (x86)\Intel\Intel(R) Management Engine Components\DAL;C:\Program Files\Intel\Intel(R) Management Engine Components\DAL;C:\Program Files (x86)\Intel\Intel(R) Management Engine Components\IPT;C:\Program Files\Intel\Intel(R) Management Engine Components\IPT;C:\Program Files\Git\cmd;C:\Program Files\nodejs\;C:\Users\USUARIO\.dnx\bin;C:\Program Files\Microsoft DNX\Dnvm\;C:\Program Files\Microsoft SQL Server\120\Tools\Binn\;C:\Program Files\Microsoft SQL Server\130\Tools\Binn\;C:\Program Files (x86)\Windows Kits\10\Windows Performance Toolkit\;C:\Program Files (x86)\Microsoft SQL Server\150\DTS\Binn\;C:\Program Files\Microsoft SQL Server\Client SDK\ODBC\130\Tools\Binn\;C:\Progra;%SystemRoot%\system32;%SystemRoot%;%SystemRoot%\System32\Wbem;%SYSTEMROOT%\System32\WindowsPowerShell\v1.0\;%SYSTEMROOT%\System32\OpenSSH\;C:\Users\USUARIO\AppData\Local\Microsoft\WindowsApps;C:\Users\USUARIO\AppData\Local\Programs\Microsoft VS Code\bin;C:\Users\USUARIO\AppData\Roaming\npm;C:\Users\USUARIO\AppData\Local\GitHubDesktop\bin
USERNAME=USUARIO
OS=Windows_NT
PROCESSOR_IDENTIFIER=Intel64 Family 6 Model 142 Stepping 10, GenuineIntel



---------------  S Y S T E M  ---------------

OS: Windows 10.0 , 64 bit Build 19041 (10.0.19041.207)

CPU:total 8 (initial active 8) (4 cores per cpu, 2 threads per core) family 6 model 142 stepping 10, cmov, cx8, fxsr, mmx, sse, sse2, sse3, ssse3, sse4.1, sse4.2, popcnt, avx, avx2, aes, clmul, erms, 3dnowpref, lzcnt, ht, tsc, tscinvbit, bmi1, bmi2, adx

Memory: 4k page, physical 8259148k(2555524k free), swap 13379148k(1636k free)

vm_info: OpenJDK 64-Bit Server VM (25.212-b04) for windows-amd64 JRE (1.8.0_212-release-1586-b04), built by "builder" with MS VC++ 10.0 (VS2010)

time: Thu May 28 22:42:32 2020
timezone: Hora est. Pacífico, Sudamérica
elapsed time: 9 seconds (0d 0h 0m 9s)

