#
# There is insufficient memory for the Java Runtime Environment to continue.
# Native memory allocation (malloc) failed to allocate 699056 bytes for Chunk::new
# Possible reasons:
#   The system is out of physical RAM or swap space
#   The process is running with CompressedOops enabled, and the Java Heap may be blocking the growth of the native heap
# Possible solutions:
#   Reduce memory load on the system
#   Increase physical memory or swap space
#   Check if swap backing store is full
#   Decrease Java heap size (-Xmx/-Xms)
#   Decrease number of Java threads
#   Decrease Java thread stack sizes (-Xss)
#   Set larger code cache with -XX:ReservedCodeCacheSize=
#   JVM is running with Unscaled Compressed Oops mode in which the Java heap is
#     placed in the first 4GB address space. The Java Heap base address is the
#     maximum limit for the native heap growth. Please use -XX:HeapBaseMinAddress
#     to set the Java Heap base and to place the Java Heap above 4GB virtual address.
# This output file may be truncated or incomplete.
#
#  Out of Memory Error (allocation.cpp:389), pid=19516, tid=0x0000000000002354
#
# JRE version: OpenJDK Runtime Environment (8.0_212-b04) (build 1.8.0_212-release-1586-b04)
# Java VM: OpenJDK 64-Bit Server VM (25.212-b04 mixed mode windows-amd64 compressed oops)
# Failed to write core dump. Minidumps are not enabled by default on client versions of Windows
#

---------------  T H R E A D  ---------------

Current thread (0x0000000018d8e800):  JavaThread "C2 CompilerThread1" daemon [_thread_in_native, id=9044, stack(0x0000000019780000,0x0000000019880000)]

Stack: [0x0000000019780000,0x0000000019880000]
[error occurred during error reporting (printing stack bounds), id 0xc0000005]

Native frames: (J=compiled Java code, j=interpreted, Vv=VM code, C=native code)


Current CompileTask:
C2:  12071 4008   !   4       com.sun.beans.TypeResolver::resolve (274 bytes)


---------------  P R O C E S S  ---------------

Java Threads: ( => current thread )
  0x000000001b279800 JavaThread "Cache worker for Build Output Cleanup Cache (C:\Users\USUARIO\Desktop\TrasteosMedellin\.gradle\buildOutputCleanup)" [_thread_blocked, id=19652, stack(0x00000000222d0000,0x00000000223d0000)]
  0x000000001b27d800 JavaThread "pool-1-thread-1" [_thread_blocked, id=26700, stack(0x0000000021ef0000,0x0000000021ff0000)]
  0x000000001b26f800 JavaThread "Build operations Thread 8" [_thread_blocked, id=12788, stack(0x0000000023b30000,0x0000000023c30000)]
  0x000000001b273800 JavaThread "Build operations Thread 7" [_thread_blocked, id=7620, stack(0x0000000023a30000,0x0000000023b30000)]
  0x000000001b272000 JavaThread "Build operations Thread 6" [_thread_blocked, id=12152, stack(0x0000000023930000,0x0000000023a30000)]
  0x000000001b273000 JavaThread "Build operations Thread 5" [_thread_blocked, id=4028, stack(0x0000000023830000,0x0000000023930000)]
  0x000000001b26f000 JavaThread "Build operations Thread 4" [_thread_blocked, id=6408, stack(0x0000000023730000,0x0000000023830000)]
  0x000000001b276000 JavaThread "Build operations Thread 3" [_thread_blocked, id=24968, stack(0x0000000023630000,0x0000000023730000)]
  0x000000001b26e000 JavaThread "Build operations Thread 2" [_thread_blocked, id=18700, stack(0x0000000023530000,0x0000000023630000)]
  0x000000001b271000 JavaThread "Build operations" [_thread_blocked, id=18560, stack(0x0000000022410000,0x0000000022510000)]
  0x000000001b274800 JavaThread "Cache worker for execution history cache (C:\Users\USUARIO\.gradle\caches\5.4.1\executionHistory)" [_thread_blocked, id=25192, stack(0x0000000021bf0000,0x0000000021cf0000)]
  0x000000001b270800 JavaThread "Cache worker for cache directory md-rule (C:\Users\USUARIO\.gradle\caches\5.4.1\md-rule)" [_thread_blocked, id=25800, stack(0x0000000021af0000,0x0000000021bf0000)]
  0x000000001b275000 JavaThread "Cache worker for cache directory md-supplier (C:\Users\USUARIO\.gradle\caches\5.4.1\md-supplier)" [_thread_blocked, id=6792, stack(0x00000000219f0000,0x0000000021af0000)]
  0x000000001a3c6800 JavaThread "Cache worker for file hash cache (C:\Users\USUARIO\Desktop\TrasteosMedellin\.gradle\5.4.1\fileHashes)" [_thread_blocked, id=24600, stack(0x000000001fe70000,0x000000001ff70000)]
  0x000000001a3ca800 JavaThread "Cache worker for journal cache (C:\Users\USUARIO\.gradle\caches\journal-1)" [_thread_blocked, id=6304, stack(0x000000001ca00000,0x000000001cb00000)]
  0x000000001a3c6000 JavaThread "File lock request listener" [_thread_in_native, id=25696, stack(0x000000001c900000,0x000000001ca00000)]
  0x000000001a4c9000 JavaThread "Cache worker for file hash cache (C:\Users\USUARIO\.gradle\caches\5.4.1\fileHashes)" [_thread_blocked, id=17132, stack(0x000000001c800000,0x000000001c900000)]
  0x000000001afd5800 JavaThread "Thread-9" [_thread_blocked, id=16720, stack(0x000000001c700000,0x000000001c800000)]
  0x000000001adbc800 JavaThread "Stdin handler" [_thread_blocked, id=25104, stack(0x000000001c600000,0x000000001c700000)]
  0x000000001adbc000 JavaThread "Asynchronous log dispatcher for DefaultDaemonConnection: socket connection from /127.0.0.1:49519 to /127.0.0.1:49520" [_thread_blocked, id=24664, stack(0x000000001c400000,0x000000001c500000)]
  0x0000000018eb4000 JavaThread "Daemon worker" [_thread_in_vm, id=9568, stack(0x000000001c300000,0x000000001c400000)]
  0x0000000018eb3000 JavaThread "Cancel handler" [_thread_blocked, id=25036, stack(0x000000001c200000,0x000000001c300000)]
  0x00000000190a7000 JavaThread "Handler for socket connection from /127.0.0.1:49519 to /127.0.0.1:49520" [_thread_in_native, id=23644, stack(0x000000001bf00000,0x000000001c000000)]
  0x00000000190a4000 JavaThread "Daemon" [_thread_blocked, id=26972, stack(0x000000001be00000,0x000000001bf00000)]
  0x0000000019d22800 JavaThread "Daemon periodic checks" [_thread_blocked, id=7660, stack(0x000000001bd00000,0x000000001be00000)]
  0x0000000019ead000 JavaThread "Incoming local TCP Connector on port 49519" [_thread_in_native, id=4064, stack(0x000000001ba90000,0x000000001bb90000)]
  0x000000001a88f000 JavaThread "Daemon health stats" [_thread_blocked, id=23948, stack(0x000000001b450000,0x000000001b550000)]
  0x0000000018e29800 JavaThread "Service Thread" daemon [_thread_blocked, id=18300, stack(0x0000000019a80000,0x0000000019b80000)]
  0x0000000018dbb800 JavaThread "C1 CompilerThread3" daemon [_thread_blocked, id=11340, stack(0x0000000019980000,0x0000000019a80000)]
  0x0000000018d97800 JavaThread "C2 CompilerThread2" daemon [_thread_blocked, id=16288, stack(0x0000000019880000,0x0000000019980000)]
=>0x0000000018d8e800 JavaThread "C2 CompilerThread1" daemon [_thread_in_native, id=9044, stack(0x0000000019780000,0x0000000019880000)]
  0x0000000018d8b000 JavaThread "C2 CompilerThread0" daemon [_thread_in_native, id=1852, stack(0x0000000019680000,0x0000000019780000)]
  0x0000000018d8a000 JavaThread "Attach Listener" daemon [_thread_blocked, id=27524, stack(0x0000000019580000,0x0000000019680000)]
  0x0000000018d95800 JavaThread "Signal Dispatcher" daemon [_thread_blocked, id=12224, stack(0x0000000019480000,0x0000000019580000)]
  0x0000000018d81000 JavaThread "Finalizer" daemon [_thread_blocked, id=13252, stack(0x0000000019260000,0x0000000019360000)]
  0x0000000018d80800 JavaThread "Reference Handler" daemon [_thread_blocked, id=10844, stack(0x0000000019160000,0x0000000019260000)]
  0x00000000030d2800 JavaThread "main" [_thread_blocked, id=1864, stack(0x0000000002f10000,0x0000000003010000)]

Other Threads:
  0x0000000016f85800 VMThread [stack: 0x0000000018c60000,0x0000000018d60000] [id=25436]
  0x0000000018e2a800 WatcherThread [stack: 0x0000000019b80000,0x0000000019c80000] [id=15568]

VM state:not at safepoint (normal execution)

VM Mutex/Monitor currently owned by a thread: None

heap address: 0x00000000a0000000, size: 1536 MB, Compressed Oops mode: 32-bit
Narrow klass base: 0x0000000000000000, Narrow klass shift: 3
Compressed class space size: 1073741824 Address: 0x0000000100000000

Heap:
 PSYoungGen      total 77312K, used 14594K [0x00000000e0000000, 0x00000000e6b00000, 0x0000000100000000)
  eden space 64000K, 11% used [0x00000000e0000000,0x00000000e072a018,0x00000000e3e80000)
  from space 13312K, 54% used [0x00000000e3e80000,0x00000000e4596830,0x00000000e4b80000)
  to   space 12800K, 0% used [0x00000000e5e80000,0x00000000e5e80000,0x00000000e6b00000)
 ParOldGen       total 57344K, used 24517K [0x00000000a0000000, 0x00000000a3800000, 0x00000000e0000000)
  object space 57344K, 42% used [0x00000000a0000000,0x00000000a17f1720,0x00000000a3800000)
 Metaspace       used 47284K, capacity 48510K, committed 48808K, reserved 1091584K
  class space    used 6365K, capacity 6702K, committed 6824K, reserved 1048576K

Card table byte_map: [0x0000000012590000,0x00000000128a0000] byte_map_base: 0x0000000012090000

Marking Bits: (ParMarkBitMap*) 0x000000006c969f30
 Begin Bits: [0x00000000132a0000, 0x0000000014aa0000)
 End Bits:   [0x0000000014aa0000, 0x00000000162a0000)

Polling page: 0x00000000016d0000

CodeCache: size=245760Kb used=13118Kb max_used=13118Kb free=232641Kb
 bounds [0x00000000031d0000, 0x0000000003eb0000, 0x00000000121d0000]
 total_blobs=4597 nmethods=3834 adapters=676
 compilation: enabled

Compilation events (10 events):
Event: 12.046 Thread 0x0000000018dbb800 4140       3       java.lang.invoke.MethodHandles$Lookup::checkSymbolicClass (42 bytes)
Event: 12.048 Thread 0x0000000018dbb800 nmethod 4140 0x0000000003e90550 code [0x0000000003e90780, 0x0000000003e91258]
Event: 12.048 Thread 0x0000000018dbb800 4141       3       java.lang.invoke.DirectMethodHandle::<init> (132 bytes)
Event: 12.050 Thread 0x0000000018dbb800 nmethod 4141 0x0000000003ea7090 code [0x0000000003ea7340, 0x0000000003ea8b58]
Event: 12.050 Thread 0x0000000018dbb800 4138       3       java.lang.invoke.MethodHandles$Lookup::checkMethod (83 bytes)
Event: 12.051 Thread 0x0000000018dbb800 nmethod 4138 0x0000000003e8f5d0 code [0x0000000003e8f7a0, 0x0000000003e901d8]
Event: 12.058 Thread 0x0000000018dbb800 4143       3       com.google.common.base.Preconditions::checkNotNull (14 bytes)
Event: 12.058 Thread 0x0000000018dbb800 nmethod 4143 0x0000000003e8f150 code [0x0000000003e8f2c0, 0x0000000003e8f4e8]
Event: 12.068 Thread 0x0000000018dbb800 4144       3       java.lang.Enum::hashCode (5 bytes)
Event: 12.068 Thread 0x0000000018dbb800 nmethod 4144 0x0000000003e8edd0 code [0x0000000003e8ef40, 0x0000000003e8f0c8]

GC Heap History (10 events):
Event: 7.874 GC heap before
{Heap before GC invocations=9 (full 1):
 PSYoungGen      total 76800K, used 74636K [0x00000000e0000000, 0x00000000e5500000, 0x0000000100000000)
  eden space 66560K, 100% used [0x00000000e0000000,0x00000000e4100000,0x00000000e4100000)
  from space 10240K, 78% used [0x00000000e4100000,0x00000000e48e3140,0x00000000e4b00000)
  to   space 9728K, 0% used [0x00000000e4b80000,0x00000000e4b80000,0x00000000e5500000)
 ParOldGen       total 57344K, used 8264K [0x00000000a0000000, 0x00000000a3800000, 0x00000000e0000000)
  object space 57344K, 14% used [0x00000000a0000000,0x00000000a08121b0,0x00000000a3800000)
 Metaspace       used 32176K, capacity 32756K, committed 33152K, reserved 1077248K
  class space    used 4441K, capacity 4617K, committed 4736K, reserved 1048576K
Event: 7.886 GC heap after
Heap after GC invocations=9 (full 1):
 PSYoungGen      total 76288K, used 8584K [0x00000000e0000000, 0x00000000e5500000, 0x0000000100000000)
  eden space 66560K, 0% used [0x00000000e0000000,0x00000000e0000000,0x00000000e4100000)
  from space 9728K, 88% used [0x00000000e4b80000,0x00000000e53e2088,0x00000000e5500000)
  to   space 10240K, 0% used [0x00000000e4100000,0x00000000e4100000,0x00000000e4b00000)
 ParOldGen       total 57344K, used 8272K [0x00000000a0000000, 0x00000000a3800000, 0x00000000e0000000)
  object space 57344K, 14% used [0x00000000a0000000,0x00000000a08141b0,0x00000000a3800000)
 Metaspace       used 32176K, capacity 32756K, committed 33152K, reserved 1077248K
  class space    used 4441K, capacity 4617K, committed 4736K, reserved 1048576K
}
Event: 9.139 GC heap before
{Heap before GC invocations=10 (full 1):
 PSYoungGen      total 76288K, used 64088K [0x00000000e0000000, 0x00000000e5500000, 0x0000000100000000)
  eden space 66560K, 83% used [0x00000000e0000000,0x00000000e3634060,0x00000000e4100000)
  from space 9728K, 88% used [0x00000000e4b80000,0x00000000e53e2088,0x00000000e5500000)
  to   space 10240K, 0% used [0x00000000e4100000,0x00000000e4100000,0x00000000e4b00000)
 ParOldGen       total 57344K, used 8272K [0x00000000a0000000, 0x00000000a3800000, 0x00000000e0000000)
  object space 57344K, 14% used [0x00000000a0000000,0x00000000a08141b0,0x00000000a3800000)
 Metaspace       used 34667K, capacity 35464K, committed 35496K, reserved 1079296K
  class space    used 4773K, capacity 5029K, committed 5032K, reserved 1048576K
Event: 9.151 GC heap after
Heap after GC invocations=10 (full 1):
 PSYoungGen      total 76800K, used 10210K [0x00000000e0000000, 0x00000000e5500000, 0x0000000100000000)
  eden space 66560K, 0% used [0x00000000e0000000,0x00000000e0000000,0x00000000e4100000)
  from space 10240K, 99% used [0x00000000e4100000,0x00000000e4af8bd0,0x00000000e4b00000)
  to   space 9728K, 0% used [0x00000000e4b80000,0x00000000e4b80000,0x00000000e5500000)
 ParOldGen       total 57344K, used 9116K [0x00000000a0000000, 0x00000000a3800000, 0x00000000e0000000)
  object space 57344K, 15% used [0x00000000a0000000,0x00000000a08e7088,0x00000000a3800000)
 Metaspace       used 34667K, capacity 35464K, committed 35496K, reserved 1079296K
  class space    used 4773K, capacity 5029K, committed 5032K, reserved 1048576K
}
Event: 9.151 GC heap before
{Heap before GC invocations=11 (full 2):
 PSYoungGen      total 76800K, used 10210K [0x00000000e0000000, 0x00000000e5500000, 0x0000000100000000)
  eden space 66560K, 0% used [0x00000000e0000000,0x00000000e0000000,0x00000000e4100000)
  from space 10240K, 99% used [0x00000000e4100000,0x00000000e4af8bd0,0x00000000e4b00000)
  to   space 9728K, 0% used [0x00000000e4b80000,0x00000000e4b80000,0x00000000e5500000)
 ParOldGen       total 57344K, used 9116K [0x00000000a0000000, 0x00000000a3800000, 0x00000000e0000000)
  object space 57344K, 15% used [0x00000000a0000000,0x00000000a08e7088,0x00000000a3800000)
 Metaspace       used 34667K, capacity 35464K, committed 35496K, reserved 1079296K
  class space    used 4773K, capacity 5029K, committed 5032K, reserved 1048576K
Event: 9.246 GC heap after
Heap after GC invocations=11 (full 2):
 PSYoungGen      total 76800K, used 0K [0x00000000e0000000, 0x00000000e5500000, 0x0000000100000000)
  eden space 66560K, 0% used [0x00000000e0000000,0x00000000e0000000,0x00000000e4100000)
  from space 10240K, 0% used [0x00000000e4100000,0x00000000e4100000,0x00000000e4b00000)
  to   space 9728K, 0% used [0x00000000e4b80000,0x00000000e4b80000,0x00000000e5500000)
 ParOldGen       total 57344K, used 17891K [0x00000000a0000000, 0x00000000a3800000, 0x00000000e0000000)
  object space 57344K, 31% used [0x00000000a0000000,0x00000000a1178d48,0x00000000a3800000)
 Metaspace       used 34649K, capacity 35404K, committed 35496K, reserved 1079296K
  class space    used 4768K, capacity 5019K, committed 5032K, reserved 1048576K
}
Event: 10.515 GC heap before
{Heap before GC invocations=12 (full 2):
 PSYoungGen      total 76800K, used 66560K [0x00000000e0000000, 0x00000000e5500000, 0x0000000100000000)
  eden space 66560K, 100% used [0x00000000e0000000,0x00000000e4100000,0x00000000e4100000)
  from space 10240K, 0% used [0x00000000e4100000,0x00000000e4100000,0x00000000e4b00000)
  to   space 9728K, 0% used [0x00000000e4b80000,0x00000000e4b80000,0x00000000e5500000)
 ParOldGen       total 57344K, used 17891K [0x00000000a0000000, 0x00000000a3800000, 0x00000000e0000000)
  object space 57344K, 31% used [0x00000000a0000000,0x00000000a1178d48,0x00000000a3800000)
 Metaspace       used 42461K, capacity 43448K, committed 43688K, reserved 1087488K
  class space    used 5743K, capacity 6022K, committed 6056K, reserved 1048576K
Event: 10.530 GC heap after
Heap after GC invocations=12 (full 2):
 PSYoungGen      total 73728K, used 9706K [0x00000000e0000000, 0x00000000e6e00000, 0x0000000100000000)
  eden space 64000K, 0% used [0x00000000e0000000,0x00000000e0000000,0x00000000e3e80000)
  from space 9728K, 99% used [0x00000000e4b80000,0x00000000e54fa9d0,0x00000000e5500000)
  to   space 13312K, 0% used [0x00000000e3e80000,0x00000000e3e80000,0x00000000e4b80000)
 ParOldGen       total 57344K, used 20426K [0x00000000a0000000, 0x00000000a3800000, 0x00000000e0000000)
  object space 57344K, 35% used [0x00000000a0000000,0x00000000a13f2958,0x00000000a3800000)
 Metaspace       used 42461K, capacity 43448K, committed 43688K, reserved 1087488K
  class space    used 5743K, capacity 6022K, committed 6056K, reserved 1048576K
}
Event: 11.606 GC heap before
{Heap before GC invocations=13 (full 2):
 PSYoungGen      total 73728K, used 73706K [0x00000000e0000000, 0x00000000e6e00000, 0x0000000100000000)
  eden space 64000K, 100% used [0x00000000e0000000,0x00000000e3e80000,0x00000000e3e80000)
  from space 9728K, 99% used [0x00000000e4b80000,0x00000000e54fa9d0,0x00000000e5500000)
  to   space 13312K, 0% used [0x00000000e3e80000,0x00000000e3e80000,0x00000000e4b80000)
 ParOldGen       total 57344K, used 20426K [0x00000000a0000000, 0x00000000a3800000, 0x00000000e0000000)
  object space 57344K, 35% used [0x00000000a0000000,0x00000000a13f2958,0x00000000a3800000)
 Metaspace       used 45651K, capacity 46672K, committed 47016K, reserved 1089536K
  class space    used 6162K, capacity 6485K, committed 6568K, reserved 1048576K
Event: 11.632 GC heap after
Heap after GC invocations=13 (full 2):
 PSYoungGen      total 77312K, used 7258K [0x00000000e0000000, 0x00000000e6b00000, 0x0000000100000000)
  eden space 64000K, 0% used [0x00000000e0000000,0x00000000e0000000,0x00000000e3e80000)
  from space 13312K, 54% used [0x00000000e3e80000,0x00000000e4596830,0x00000000e4b80000)
  to   space 12800K, 0% used [0x00000000e5e80000,0x00000000e5e80000,0x00000000e6b00000)
 ParOldGen       total 57344K, used 24517K [0x00000000a0000000, 0x00000000a3800000, 0x00000000e0000000)
  object space 57344K, 42% used [0x00000000a0000000,0x00000000a17f1720,0x00000000a3800000)
 Metaspace       used 45651K, capacity 46672K, committed 47016K, reserved 1089536K
  class space    used 6162K, capacity 6485K, committed 6568K, reserved 1048576K
}

Deoptimization events (10 events):
Event: 10.630 Thread 0x0000000018eb4000 Uncommon trap: reason=unstable_if action=reinterpret pc=0x0000000003a0d130 method=org.objectweb.asm.ByteVector.putUTF8(Ljava/lang/String;)Lorg/objectweb/asm/ByteVector; @ 93
Event: 10.788 Thread 0x0000000018eb4000 Uncommon trap: reason=unstable_if action=reinterpret pc=0x00000000039926b0 method=org.objectweb.asm.ByteVector.putUTF8(Ljava/lang/String;)Lorg/objectweb/asm/ByteVector; @ 93
Event: 11.205 Thread 0x0000000018eb4000 Uncommon trap: reason=unstable_if action=reinterpret pc=0x0000000003a6a9e0 method=org.gradle.internal.reflect.PropertyAccessorType.of(Ljava/lang/reflect/Method;)Lorg/gradle/internal/reflect/PropertyAccessorType; @ 56
Event: 11.286 Thread 0x0000000018eb4000 Uncommon trap: reason=class_check action=maybe_recompile pc=0x0000000003cc9da4 method=org.codehaus.groovy.reflection.ParameterTypes.getParametersTypes0()V @ 16
Event: 11.334 Thread 0x0000000018eb4000 Uncommon trap: reason=unstable_if action=reinterpret pc=0x0000000003ae69ec method=org.codehaus.groovy.runtime.metaclass.MetaMethodIndex.isNonRealMethod(Lgroovy/lang/MetaMethod;)Z @ 4
Event: 11.335 Thread 0x0000000018eb4000 Uncommon trap: reason=unstable_if action=reinterpret pc=0x0000000003c46f1c method=groovy.lang.MetaClassImpl$1MOPIter.methodNameAction(Ljava/lang/Class;Lorg/codehaus/groovy/runtime/metaclass/MetaMethodIndex$Entry;)V @ 182
Event: 11.342 Thread 0x0000000018eb4000 Uncommon trap: reason=class_check action=maybe_recompile pc=0x0000000003cc9da4 method=org.codehaus.groovy.reflection.ParameterTypes.getParametersTypes0()V @ 16
Event: 11.364 Thread 0x0000000018eb4000 Uncommon trap: reason=unstable_if action=reinterpret pc=0x000000000378581c method=java.lang.ClassLoader.checkCerts(Ljava/lang/String;Ljava/security/CodeSource;)V @ 29
Event: 11.478 Thread 0x0000000018eb4000 Uncommon trap: reason=unstable_if action=reinterpret pc=0x000000000338bbf0 method=java.util.WeakHashMap.put(Ljava/lang/Object;Ljava/lang/Object;)Ljava/lang/Object; @ 59
Event: 11.720 Thread 0x0000000018eb4000 Uncommon trap: reason=unstable_if action=reinterpret pc=0x000000000347e098 method=org.gradle.internal.instantiation.AbstractClassGenerator$InjectionAnnotationValidator.validateMethod(Ljava/lang/reflect/Method;Lorg/gradle/internal/reflect/PropertyAccessorT

Classes redefined (0 events):
No events

Internal exceptions (10 events):
Event: 11.498 Thread 0x0000000018eb4000 Exception <a 'java/lang/ClassNotFoundException': build_6vjgzku729mrwxvpngd2b9f2b$_run_closure1BeanInfo> (0x00000000e39a0a80) thrown at [D:\src\AOSP-openjdk-cygwin\jdk8u\hotspot\src\share\vm\classfile\systemDictionary.cpp, line 210]
Event: 11.499 Thread 0x0000000018eb4000 Exception <a 'java/lang/ClassNotFoundException': build_6vjgzku729mrwxvpngd2b9f2b$_run_closure1Customizer> (0x00000000e39b1e50) thrown at [D:\src\AOSP-openjdk-cygwin\jdk8u\hotspot\src\share\vm\classfile\systemDictionary.cpp, line 210]
Event: 11.519 Thread 0x0000000018eb4000 Exception <a 'java/lang/ClassNotFoundException': org/gradle/api/internal/file/collections/DefaultConfigurableFileTreeBeanInfo> (0x00000000e3b539d0) thrown at [D:\src\AOSP-openjdk-cygwin\jdk8u\hotspot\src\share\vm\classfile\systemDictionary.cpp, line 210]
Event: 11.521 Thread 0x0000000018eb4000 Exception <a 'java/lang/ClassNotFoundException': org/gradle/api/internal/file/CompositeFileTreeBeanInfo> (0x00000000e3b877c0) thrown at [D:\src\AOSP-openjdk-cygwin\jdk8u\hotspot\src\share\vm\classfile\systemDictionary.cpp, line 210]
Event: 11.524 Thread 0x0000000018eb4000 Exception <a 'java/lang/ClassNotFoundException': org/gradle/api/internal/file/CompositeFileCollectionBeanInfo> (0x00000000e3bbf440) thrown at [D:\src\AOSP-openjdk-cygwin\jdk8u\hotspot\src\share\vm\classfile\systemDictionary.cpp, line 210]
Event: 11.529 Thread 0x0000000018eb4000 Exception <a 'java/lang/ClassNotFoundException': org/gradle/api/internal/file/AbstractFileCollectionBeanInfo> (0x00000000e3bf7218) thrown at [D:\src\AOSP-openjdk-cygwin\jdk8u\hotspot\src\share\vm\classfile\systemDictionary.cpp, line 210]
Event: 11.533 Thread 0x0000000018eb4000 Exception <a 'java/lang/ClassNotFoundException': org/gradle/api/internal/file/AbstractFileCollectionCustomizer> (0x00000000e3c2fac8) thrown at [D:\src\AOSP-openjdk-cygwin\jdk8u\hotspot\src\share\vm\classfile\systemDictionary.cpp, line 210]
Event: 11.536 Thread 0x0000000018eb4000 Exception <a 'java/lang/ClassNotFoundException': org/gradle/api/internal/file/CompositeFileCollectionCustomizer> (0x00000000e3c75950) thrown at [D:\src\AOSP-openjdk-cygwin\jdk8u\hotspot\src\share\vm\classfile\systemDictionary.cpp, line 210]
Event: 11.540 Thread 0x0000000018eb4000 Exception <a 'java/lang/ClassNotFoundException': org/gradle/api/internal/file/CompositeFileTreeCustomizer> (0x00000000e3cba1f8) thrown at [D:\src\AOSP-openjdk-cygwin\jdk8u\hotspot\src\share\vm\classfile\systemDictionary.cpp, line 210]
Event: 11.542 Thread 0x0000000018eb4000 Exception <a 'java/lang/ClassNotFoundException': org/gradle/api/internal/file/collections/DefaultConfigurableFileTreeCustomizer> (0x00000000e3d082f0) thrown at [D:\src\AOSP-openjdk-cygwin\jdk8u\hotspot\src\share\vm\classfile\systemDictionary.cpp, line 210

Events (10 events):
Event: 12.067 loading class com/android/build/gradle/internal/publishing/PublishingSpecs$Companion$1$1
Event: 12.067 loading class com/android/build/gradle/internal/publishing/PublishingSpecs$Companion$1$1 done
Event: 12.067 loading class com/android/build/gradle/internal/publishing/PublishingSpecs$Companion$1$2
Event: 12.067 loading class com/android/build/gradle/internal/publishing/PublishingSpecs$Companion$1$2 done
Event: 12.068 loading class com/android/build/gradle/internal/scope/AnchorOutputType
Event: 12.068 loading class com/android/build/gradle/internal/scope/AnchorOutputType done
Event: 12.069 loading class com/android/build/gradle/internal/publishing/VariantPublishingSpecImpl
Event: 12.069 loading class com/android/build/gradle/internal/publishing/VariantPublishingSpecImpl done
Event: 12.069 loading class com/android/build/gradle/internal/publishing/PublishingSpecs$VariantSpec
Event: 12.069 loading class com/android/build/gradle/internal/publishing/PublishingSpecs$VariantSpec done


Dynamic libraries:
0x00007ff6cf6c0000 - 0x00007ff6cf6f1000 	C:\Program Files\Android\Android Studio\jre\bin\java.exe
0x00007ffba7370000 - 0x00007ffba7564000 	C:\WINDOWS\SYSTEM32\ntdll.dll
0x00007ffba6710000 - 0x00007ffba67cd000 	C:\WINDOWS\System32\KERNEL32.DLL
0x00007ffba4af0000 - 0x00007ffba4db7000 	C:\WINDOWS\System32\KERNELBASE.dll
0x00007ffba5fb0000 - 0x00007ffba605a000 	C:\WINDOWS\System32\ADVAPI32.dll
0x00007ffba5c80000 - 0x00007ffba5d1e000 	C:\WINDOWS\System32\msvcrt.dll
0x00007ffba6930000 - 0x00007ffba69cb000 	C:\WINDOWS\System32\sechost.dll
0x00007ffba53e0000 - 0x00007ffba5503000 	C:\WINDOWS\System32\RPCRT4.dll
0x00007ffba6170000 - 0x00007ffba6310000 	C:\WINDOWS\System32\USER32.dll
0x00007ffba4ac0000 - 0x00007ffba4ae2000 	C:\WINDOWS\System32\win32u.dll
0x00007ffba5c50000 - 0x00007ffba5c7a000 	C:\WINDOWS\System32\GDI32.dll
0x00007ffba4df0000 - 0x00007ffba4ef9000 	C:\WINDOWS\System32\gdi32full.dll
0x00007ffba5260000 - 0x00007ffba52fd000 	C:\WINDOWS\System32\msvcp_win.dll
0x00007ffba5160000 - 0x00007ffba5260000 	C:\WINDOWS\System32\ucrtbase.dll
0x00007ffb8e080000 - 0x00007ffb8e31a000 	C:\WINDOWS\WinSxS\amd64_microsoft.windows.common-controls_6595b64144ccf1df_6.0.19041.1_none_b555e41d4684ddec\COMCTL32.dll
0x00007ffba6b20000 - 0x00007ffba6b50000 	C:\WINDOWS\System32\IMM32.DLL
0x000000006c0c0000 - 0x000000006c192000 	C:\Program Files\Android\Android Studio\jre\jre\bin\msvcr100.dll
0x000000006c1a0000 - 0x000000006c9e6000 	C:\Program Files\Android\Android Studio\jre\jre\bin\server\jvm.dll
0x00007ffba6b50000 - 0x00007ffba6b58000 	C:\WINDOWS\System32\PSAPI.DLL
0x00007ffb9a1e0000 - 0x00007ffb9a1ea000 	C:\WINDOWS\SYSTEM32\VERSION.dll
0x00007ffb90330000 - 0x00007ffb90357000 	C:\WINDOWS\SYSTEM32\WINMM.dll
0x00007ffb91dc0000 - 0x00007ffb91dc9000 	C:\WINDOWS\SYSTEM32\WSOCK32.dll
0x00007ffba67e0000 - 0x00007ffba684b000 	C:\WINDOWS\System32\WS2_32.dll
0x00007ffb9ee40000 - 0x00007ffb9ee4f000 	C:\Program Files\Android\Android Studio\jre\jre\bin\verify.dll
0x00007ffb93e40000 - 0x00007ffb93e69000 	C:\Program Files\Android\Android Studio\jre\jre\bin\java.dll
0x00007ffb9dbc0000 - 0x00007ffb9dbd6000 	C:\Program Files\Android\Android Studio\jre\jre\bin\zip.dll
0x00007ffba5510000 - 0x00007ffba5c41000 	C:\WINDOWS\System32\SHELL32.dll
0x00007ffba2ce0000 - 0x00007ffba346a000 	C:\WINDOWS\SYSTEM32\windows.storage.dll
0x00007ffba6390000 - 0x00007ffba66e4000 	C:\WINDOWS\System32\combase.dll
0x00007ffba4470000 - 0x00007ffba449b000 	C:\WINDOWS\SYSTEM32\Wldp.dll
0x00007ffba6bc0000 - 0x00007ffba6c6e000 	C:\WINDOWS\System32\SHCORE.dll
0x00007ffba6b60000 - 0x00007ffba6bb5000 	C:\WINDOWS\System32\shlwapi.dll
0x00007ffba4a00000 - 0x00007ffba4a1f000 	C:\WINDOWS\SYSTEM32\profapi.dll
0x00007ffb9bb80000 - 0x00007ffb9bb9a000 	C:\Program Files\Android\Android Studio\jre\jre\bin\net.dll
0x00007ffb9a3f0000 - 0x00007ffb9a5dd000 	C:\WINDOWS\SYSTEM32\urlmon.dll
0x00007ffb9b2e0000 - 0x00007ffb9b58e000 	C:\WINDOWS\SYSTEM32\iertutil.dll
0x00007ffba41f0000 - 0x00007ffba425a000 	C:\WINDOWS\system32\mswsock.dll
0x00007ffb94770000 - 0x00007ffb94783000 	C:\Program Files\Android\Android Studio\jre\jre\bin\nio.dll
0x00007ffb8dea0000 - 0x00007ffb8dec6000 	C:\Users\USUARIO\.gradle\native\29\windows-amd64\native-platform.dll
0x00007ffb9e620000 - 0x00007ffb9e62d000 	C:\Program Files\Android\Android Studio\jre\jre\bin\management.dll
0x00007ffba43c0000 - 0x00007ffba43d8000 	C:\WINDOWS\SYSTEM32\CRYPTSP.dll
0x00007ffba3b80000 - 0x00007ffba3bb4000 	C:\WINDOWS\system32\rsaenh.dll
0x00007ffba4dc0000 - 0x00007ffba4de7000 	C:\WINDOWS\System32\bcrypt.dll
0x00007ffba49c0000 - 0x00007ffba49ee000 	C:\WINDOWS\SYSTEM32\USERENV.dll
0x00007ffba5300000 - 0x00007ffba537f000 	C:\WINDOWS\System32\bcryptprimitives.dll
0x00007ffba43e0000 - 0x00007ffba43ec000 	C:\WINDOWS\SYSTEM32\CRYPTBASE.dll
0x00007ffba3ee0000 - 0x00007ffba3f1b000 	C:\WINDOWS\SYSTEM32\IPHLPAPI.DLL
0x00007ffba67d0000 - 0x00007ffba67d9000 	C:\WINDOWS\System32\NSI.dll
0x00007ffb9ea10000 - 0x00007ffb9ea27000 	C:\WINDOWS\SYSTEM32\dhcpcsvc6.DLL
0x00007ffb9ea70000 - 0x00007ffb9ea8d000 	C:\WINDOWS\SYSTEM32\dhcpcsvc.DLL
0x00007ffba3f20000 - 0x00007ffba3fea000 	C:\WINDOWS\SYSTEM32\DNSAPI.dll

VM Arguments:
jvm_args: -Xmx1536m -Dfile.encoding=windows-1252 -Duser.country=CO -Duser.language=es -Duser.variant 
java_command: org.gradle.launcher.daemon.bootstrap.GradleDaemon 5.4.1
java_class_path (initial): C:\Users\USUARIO\.gradle\wrapper\dists\gradle-5.4.1-all\3221gyojl5jsh0helicew7rwx\gradle-5.4.1\lib\gradle-launcher-5.4.1.jar
Launcher Type: SUN_STANDARD

Environment Variables:
PATH=C:\Program Files (x86)\Common Files\Oracle\Java\javapath;C:\Windows\system32;C:\Program Files (x86)\Intel\Intel(R) Management Engine Components\iCLS\;C:\Program Files\Intel\Intel(R) Management Engine Components\iCLS\;C:\Windows;C:\Windows\System32\Wbem;C:\Windows\System32\WindowsPowerShell\v1.0\;C:\Windows\System32\OpenSSH\;C:\Program Files (x86)\Intel\Intel(R) Management Engine Components\DAL;C:\Program Files\Intel\Intel(R) Management Engine Components\DAL;C:\Program Files (x86)\Intel\Intel(R) Management Engine Components\IPT;C:\Program Files\Intel\Intel(R) Management Engine Components\IPT;C:\Program Files\Git\cmd;C:\Program Files\nodejs\;C:\Users\USUARIO\.dnx\bin;C:\Program Files\Microsoft DNX\Dnvm\;C:\Program Files\Microsoft SQL Server\120\Tools\Binn\;C:\Program Files\Microsoft SQL Server\130\Tools\Binn\;C:\Program Files (x86)\Windows Kits\10\Windows Performance Toolkit\;C:\Program Files (x86)\Microsoft SQL Server\150\DTS\Binn\;C:\Program Files\Microsoft SQL Server\Client SDK\ODBC\130\Tools\Binn\;C:\Progra;%SystemRoot%\system32;%SystemRoot%;%SystemRoot%\System32\Wbem;%SYSTEMROOT%\System32\WindowsPowerShell\v1.0\;%SYSTEMROOT%\System32\OpenSSH\;C:\Users\USUARIO\AppData\Local\Microsoft\WindowsApps;C:\Users\USUARIO\AppData\Local\Programs\Microsoft VS Code\bin;C:\Users\USUARIO\AppData\Roaming\npm;C:\Users\USUARIO\AppData\Local\GitHubDesktop\bin
USERNAME=USUARIO
OS=Windows_NT
PROCESSOR_IDENTIFIER=Intel64 Family 6 Model 142 Stepping 10, GenuineIntel



---------------  S Y S T E M  ---------------

OS: Windows 10.0 , 64 bit Build 19041 (10.0.19041.207)

CPU:total 8 (initial active 8) (4 cores per cpu, 2 threads per core) family 6 model 142 stepping 10, cmov, cx8, fxsr, mmx, sse, sse2, sse3, ssse3, sse4.1, sse4.2, popcnt, avx, avx2, aes, clmul, erms, 3dnowpref, lzcnt, ht, tsc, tscinvbit, bmi1, bmi2, adx

Memory: 4k page, physical 8259148k(2416828k free), swap 13379148k(5256k free)

vm_info: OpenJDK 64-Bit Server VM (25.212-b04) for windows-amd64 JRE (1.8.0_212-release-1586-b04), built by "builder" with MS VC++ 10.0 (VS2010)

time: Thu May 28 22:30:46 2020
timezone: Hora est. Pacífico, Sudamérica
elapsed time: 12 seconds (0d 0h 0m 12s)

