#
# There is insufficient memory for the Java Runtime Environment to continue.
# Native memory allocation (malloc) failed to allocate 32744 bytes for ChunkPool::allocate
# Possible reasons:
#   The system is out of physical RAM or swap space
#   The process is running with CompressedOops enabled, and the Java Heap may be blocking the growth of the native heap
# Possible solutions:
#   Reduce memory load on the system
#   Increase physical memory or swap space
#   Check if swap backing store is full
#   Decrease Java heap size (-Xmx/-Xms)
#   Decrease number of Java threads
#   Decrease Java thread stack sizes (-Xss)
#   Set larger code cache with -XX:ReservedCodeCacheSize=
#   JVM is running with Unscaled Compressed Oops mode in which the Java heap is
#     placed in the first 4GB address space. The Java Heap base address is the
#     maximum limit for the native heap growth. Please use -XX:HeapBaseMinAddress
#     to set the Java Heap base and to place the Java Heap above 4GB virtual address.
# This output file may be truncated or incomplete.
#
#  Out of Memory Error (allocation.cpp:272), pid=13976, tid=0x0000000000002950
#
# JRE version: OpenJDK Runtime Environment (8.0_212-b04) (build 1.8.0_212-release-1586-b04)
# Java VM: OpenJDK 64-Bit Server VM (25.212-b04 mixed mode windows-amd64 compressed oops)
# Failed to write core dump. Minidumps are not enabled by default on client versions of Windows
#

---------------  T H R E A D  ---------------

Current thread (0x00000000186e6000):  JavaThread "C2 CompilerThread1" daemon [_thread_in_native, id=10576, stack(0x00000000190f0000,0x00000000191f0000)]

Stack: [0x00000000190f0000,0x00000000191f0000]
[error occurred during error reporting (printing stack bounds), id 0xc0000005]

Native frames: (J=compiled Java code, j=interpreted, Vv=VM code, C=native code)


Current CompileTask:
C2:  12673 3952       4       groovy.lang.MetaClassImpl::addMetaMethodToIndex (65 bytes)


---------------  P R O C E S S  ---------------

Java Threads: ( => current thread )
  0x000000001df7f800 JavaThread "Cache worker for Build Output Cleanup Cache (C:\Users\USUARIO\Desktop\TrasteosMedellin\.gradle\buildOutputCleanup)" [_thread_blocked, id=21820, stack(0x0000000023a40000,0x0000000023b40000)]
  0x000000001df7e800 JavaThread "pool-1-thread-1" [_thread_blocked, id=5164, stack(0x0000000023740000,0x0000000023840000)]
  0x000000001df7c800 JavaThread "Build operations Thread 8" [_thread_blocked, id=11940, stack(0x0000000023240000,0x0000000023340000)]
  0x000000001cabc000 JavaThread "Build operations Thread 7" [_thread_blocked, id=27076, stack(0x0000000023140000,0x0000000023240000)]
  0x000000001cab9800 JavaThread "Build operations Thread 6" [_thread_blocked, id=25096, stack(0x0000000023040000,0x0000000023140000)]
  0x000000001caba800 JavaThread "Build operations Thread 5" [_thread_blocked, id=14552, stack(0x0000000022f40000,0x0000000023040000)]
  0x000000001cab9000 JavaThread "Build operations Thread 4" [_thread_blocked, id=15036, stack(0x0000000022e40000,0x0000000022f40000)]
  0x000000001cab7800 JavaThread "Build operations Thread 3" [_thread_blocked, id=25360, stack(0x0000000022d40000,0x0000000022e40000)]
  0x000000001cab8000 JavaThread "Build operations Thread 2" [_thread_blocked, id=26384, stack(0x0000000021770000,0x0000000021870000)]
  0x000000001cabe000 JavaThread "Build operations" [_thread_blocked, id=22112, stack(0x0000000021320000,0x0000000021420000)]
  0x000000001cabd800 JavaThread "Cache worker for execution history cache (C:\Users\USUARIO\.gradle\caches\5.4.1\executionHistory)" [_thread_blocked, id=18072, stack(0x0000000021470000,0x0000000021570000)]
  0x000000001cabc800 JavaThread "Cache worker for cache directory md-rule (C:\Users\USUARIO\.gradle\caches\5.4.1\md-rule)" [_thread_blocked, id=16220, stack(0x0000000020030000,0x0000000020130000)]
  0x000000001cabb000 JavaThread "Cache worker for cache directory md-supplier (C:\Users\USUARIO\.gradle\caches\5.4.1\md-supplier)" [_thread_blocked, id=17588, stack(0x000000001ff30000,0x0000000020030000)]
  0x000000001a909000 JavaThread "Cache worker for file hash cache (C:\Users\USUARIO\Desktop\TrasteosMedellin\.gradle\5.4.1\fileHashes)" [_thread_blocked, id=4052, stack(0x000000001d640000,0x000000001d740000)]
  0x000000001a903800 JavaThread "Cache worker for journal cache (C:\Users\USUARIO\.gradle\caches\journal-1)" [_thread_blocked, id=14916, stack(0x000000001c370000,0x000000001c470000)]
  0x000000001a902000 JavaThread "File lock request listener" [_thread_in_native, id=23564, stack(0x000000001c270000,0x000000001c370000)]
  0x000000001a88a800 JavaThread "Cache worker for file hash cache (C:\Users\USUARIO\.gradle\caches\5.4.1\fileHashes)" [_thread_blocked, id=25312, stack(0x000000001c170000,0x000000001c270000)]
  0x0000000019832800 JavaThread "Thread-9" [_thread_blocked, id=18188, stack(0x000000001c070000,0x000000001c170000)]
  0x0000000019681000 JavaThread "Stdin handler" [_thread_blocked, id=17796, stack(0x000000001bf70000,0x000000001c070000)]
  0x000000001967f000 JavaThread "Asynchronous log dispatcher for DefaultDaemonConnection: socket connection from /127.0.0.1:49598 to /127.0.0.1:49599" [_thread_blocked, id=7704, stack(0x000000001bd70000,0x000000001be70000)]
  0x0000000019830000 JavaThread "Daemon worker" [_thread_in_vm, id=13164, stack(0x000000001bc70000,0x000000001bd70000)]
  0x000000001982f800 JavaThread "Cancel handler" [_thread_blocked, id=19684, stack(0x000000001bb70000,0x000000001bc70000)]
  0x000000001a75a000 JavaThread "Handler for socket connection from /127.0.0.1:49598 to /127.0.0.1:49599" [_thread_in_native, id=25708, stack(0x000000001b870000,0x000000001b970000)]
  0x000000001a08d000 JavaThread "Daemon" [_thread_blocked, id=4296, stack(0x000000001b770000,0x000000001b870000)]
  0x0000000018a70000 JavaThread "Daemon periodic checks" [_thread_blocked, id=6932, stack(0x000000001b670000,0x000000001b770000)]
  0x0000000019813000 JavaThread "Incoming local TCP Connector on port 49598" [_thread_in_native, id=9676, stack(0x000000001b400000,0x000000001b500000)]
  0x000000001a721000 JavaThread "Daemon health stats" [_thread_blocked, id=1388, stack(0x000000001adc0000,0x000000001aec0000)]
  0x0000000018787000 JavaThread "Service Thread" daemon [_thread_blocked, id=14420, stack(0x00000000193f0000,0x00000000194f0000)]
  0x00000000186ee800 JavaThread "C1 CompilerThread3" daemon [_thread_blocked, id=26132, stack(0x00000000192f0000,0x00000000193f0000)]
  0x00000000186eb800 JavaThread "C2 CompilerThread2" daemon [_thread_in_native, id=24288, stack(0x00000000191f0000,0x00000000192f0000)]
=>0x00000000186e6000 JavaThread "C2 CompilerThread1" daemon [_thread_in_native, id=10576, stack(0x00000000190f0000,0x00000000191f0000)]
  0x00000000186f5800 JavaThread "C2 CompilerThread0" daemon [_thread_in_native, id=24916, stack(0x0000000018ff0000,0x00000000190f0000)]
  0x00000000186f4800 JavaThread "Attach Listener" daemon [_thread_blocked, id=2204, stack(0x0000000018ef0000,0x0000000018ff0000)]
  0x00000000186f1800 JavaThread "Signal Dispatcher" daemon [_thread_blocked, id=10256, stack(0x0000000018df0000,0x0000000018ef0000)]
  0x0000000002ad9800 JavaThread "Finalizer" daemon [_thread_blocked, id=25208, stack(0x0000000018bc0000,0x0000000018cc0000)]
  0x00000000186e0800 JavaThread "Reference Handler" daemon [_thread_blocked, id=7436, stack(0x0000000018ac0000,0x0000000018bc0000)]
  0x00000000029e2800 JavaThread "main" [_thread_blocked, id=25204, stack(0x00000000028e0000,0x00000000029e0000)]

Other Threads:
  0x00000000168c6800 VMThread [stack: 0x00000000185c0000,0x00000000186c0000] [id=26000]
  0x0000000018787800 WatcherThread [stack: 0x00000000194f0000,0x00000000195f0000] [id=10952]

VM state:not at safepoint (normal execution)

VM Mutex/Monitor currently owned by a thread: None

heap address: 0x00000000a0000000, size: 1536 MB, Compressed Oops mode: 32-bit
Narrow klass base: 0x0000000000000000, Narrow klass shift: 3
Compressed class space size: 1073741824 Address: 0x0000000100000000

Heap:
 PSYoungGen      total 110592K, used 43249K [0x00000000e0000000, 0x00000000e9580000, 0x0000000100000000)
  eden space 100352K, 32% used [0x00000000e0000000,0x00000000e203fed8,0x00000000e6200000)
  from space 10240K, 99% used [0x00000000e6f80000,0x00000000e797c610,0x00000000e7980000)
  to   space 13824K, 0% used [0x00000000e6200000,0x00000000e6200000,0x00000000e6f80000)
 ParOldGen       total 59904K, used 21382K [0x00000000a0000000, 0x00000000a3a80000, 0x00000000e0000000)
  object space 59904K, 35% used [0x00000000a0000000,0x00000000a14e1b28,0x00000000a3a80000)
 Metaspace       used 45885K, capacity 46982K, committed 47320K, reserved 1089536K
  class space    used 6199K, capacity 6532K, committed 6656K, reserved 1048576K

Card table byte_map: [0x0000000011eb0000,0x00000000121c0000] byte_map_base: 0x00000000119b0000

Marking Bits: (ParMarkBitMap*) 0x000000006c969f30
 Begin Bits: [0x0000000012bc0000, 0x00000000143c0000)
 End Bits:   [0x00000000143c0000, 0x0000000015bc0000)

Polling page: 0x0000000001070000

CodeCache: size=245760Kb used=13119Kb max_used=13119Kb free=232640Kb
 bounds [0x0000000002af0000, 0x00000000037d0000, 0x0000000011af0000]
 total_blobs=4579 nmethods=3822 adapters=670
 compilation: enabled

Compilation events (10 events):
Event: 12.657 Thread 0x00000000186ee800 4116       3       java.lang.invoke.MethodHandle::setVarargs (38 bytes)
Event: 12.659 Thread 0x00000000186ee800 nmethod 4116 0x000000000306f0d0 code [0x000000000306f2c0, 0x000000000306fd68]
Event: 12.659 Thread 0x00000000186ee800 4117       3       java.lang.invoke.MemberName::isVarargs (23 bytes)
Event: 12.660 Thread 0x00000000186ee800 nmethod 4117 0x000000000306e850 code [0x000000000306e9e0, 0x000000000306ef50]
Event: 12.660 Thread 0x00000000186ee800 4119       3       java.lang.invoke.AbstractValidatingLambdaMetafactory::isAdaptableTo (126 bytes)
Event: 12.662 Thread 0x00000000186ee800 nmethod 4119 0x000000000306d110 code [0x000000000306d380, 0x000000000306e288]
Event: 12.663 Thread 0x00000000186ee800 4120       3       java.lang.invoke.MethodHandles$Lookup::getDirectMethodCommon (271 bytes)
Event: 12.667 Thread 0x00000000186ee800 nmethod 4120 0x000000000306aa50 code [0x000000000306ad60, 0x000000000306c7d8]
Event: 12.667 Thread 0x00000000186ee800 4121       3       java.lang.invoke.MethodHandles$Lookup::checkMethod (83 bytes)
Event: 12.668 Thread 0x00000000186ee800 nmethod 4121 0x0000000003069ad0 code [0x0000000003069ca0, 0x000000000306a6d8]

GC Heap History (10 events):
Event: 7.327 GC heap before
{Heap before GC invocations=8 (full 1):
 PSYoungGen      total 76288K, used 66560K [0x00000000e0000000, 0x00000000e5500000, 0x0000000100000000)
  eden space 66560K, 100% used [0x00000000e0000000,0x00000000e4100000,0x00000000e4100000)
  from space 9728K, 0% used [0x00000000e4b80000,0x00000000e4b80000,0x00000000e5500000)
  to   space 10240K, 0% used [0x00000000e4100000,0x00000000e4100000,0x00000000e4b00000)
 ParOldGen       total 59904K, used 7546K [0x00000000a0000000, 0x00000000a3a80000, 0x00000000e0000000)
  object space 59904K, 12% used [0x00000000a0000000,0x00000000a075e970,0x00000000a3a80000)
 Metaspace       used 28486K, capacity 28934K, committed 29440K, reserved 1075200K
  class space    used 3841K, capacity 4006K, committed 4096K, reserved 1048576K
Event: 7.344 GC heap after
Heap after GC invocations=8 (full 1):
 PSYoungGen      total 76800K, used 7727K [0x00000000e0000000, 0x00000000e7980000, 0x0000000100000000)
  eden space 66560K, 0% used [0x00000000e0000000,0x00000000e0000000,0x00000000e4100000)
  from space 10240K, 75% used [0x00000000e4100000,0x00000000e488bd10,0x00000000e4b00000)
  to   space 10240K, 0% used [0x00000000e6f80000,0x00000000e6f80000,0x00000000e7980000)
 ParOldGen       total 59904K, used 7554K [0x00000000a0000000, 0x00000000a3a80000, 0x00000000e0000000)
  object space 59904K, 12% used [0x00000000a0000000,0x00000000a0760970,0x00000000a3a80000)
 Metaspace       used 28486K, capacity 28934K, committed 29440K, reserved 1075200K
  class space    used 3841K, capacity 4006K, committed 4096K, reserved 1048576K
}
Event: 8.510 GC heap before
{Heap before GC invocations=9 (full 1):
 PSYoungGen      total 76800K, used 74285K [0x00000000e0000000, 0x00000000e7980000, 0x0000000100000000)
  eden space 66560K, 99% used [0x00000000e0000000,0x00000000e40ff920,0x00000000e4100000)
  from space 10240K, 75% used [0x00000000e4100000,0x00000000e488bd10,0x00000000e4b00000)
  to   space 10240K, 0% used [0x00000000e6f80000,0x00000000e6f80000,0x00000000e7980000)
 ParOldGen       total 59904K, used 7554K [0x00000000a0000000, 0x00000000a3a80000, 0x00000000e0000000)
  object space 59904K, 12% used [0x00000000a0000000,0x00000000a0760970,0x00000000a3a80000)
 Metaspace       used 31898K, capacity 32382K, committed 32768K, reserved 1077248K
  class space    used 4390K, capacity 4558K, committed 4608K, reserved 1048576K
Event: 8.527 GC heap after
Heap after GC invocations=9 (full 1):
 PSYoungGen      total 113664K, used 8812K [0x00000000e0000000, 0x00000000e7a00000, 0x0000000100000000)
  eden space 103424K, 0% used [0x00000000e0000000,0x00000000e0000000,0x00000000e6500000)
  from space 10240K, 86% used [0x00000000e6f80000,0x00000000e781b268,0x00000000e7980000)
  to   space 10752K, 0% used [0x00000000e6500000,0x00000000e6500000,0x00000000e6f80000)
 ParOldGen       total 59904K, used 7562K [0x00000000a0000000, 0x00000000a3a80000, 0x00000000e0000000)
  object space 59904K, 12% used [0x00000000a0000000,0x00000000a0762970,0x00000000a3a80000)
 Metaspace       used 31898K, capacity 32382K, committed 32768K, reserved 1077248K
  class space    used 4390K, capacity 4558K, committed 4608K, reserved 1048576K
}
Event: 9.837 GC heap before
{Heap before GC invocations=10 (full 1):
 PSYoungGen      total 113664K, used 66859K [0x00000000e0000000, 0x00000000e7a00000, 0x0000000100000000)
  eden space 103424K, 56% used [0x00000000e0000000,0x00000000e38afb20,0x00000000e6500000)
  from space 10240K, 86% used [0x00000000e6f80000,0x00000000e781b268,0x00000000e7980000)
  to   space 10752K, 0% used [0x00000000e6500000,0x00000000e6500000,0x00000000e6f80000)
 ParOldGen       total 59904K, used 7562K [0x00000000a0000000, 0x00000000a3a80000, 0x00000000e0000000)
  object space 59904K, 12% used [0x00000000a0000000,0x00000000a0762970,0x00000000a3a80000)
 Metaspace       used 34479K, capacity 35266K, committed 35416K, reserved 1079296K
  class space    used 4742K, capacity 4978K, committed 4992K, reserved 1048576K
Event: 9.854 GC heap after
Heap after GC invocations=10 (full 1):
 PSYoungGen      total 114176K, used 10721K [0x00000000e0000000, 0x00000000e7a00000, 0x0000000100000000)
  eden space 103424K, 0% used [0x00000000e0000000,0x00000000e0000000,0x00000000e6500000)
  from space 10752K, 99% used [0x00000000e6500000,0x00000000e6f785b0,0x00000000e6f80000)
  to   space 10240K, 0% used [0x00000000e6f80000,0x00000000e6f80000,0x00000000e7980000)
 ParOldGen       total 59904K, used 7935K [0x00000000a0000000, 0x00000000a3a80000, 0x00000000e0000000)
  object space 59904K, 13% used [0x00000000a0000000,0x00000000a07bfd00,0x00000000a3a80000)
 Metaspace       used 34479K, capacity 35266K, committed 35416K, reserved 1079296K
  class space    used 4742K, capacity 4978K, committed 4992K, reserved 1048576K
}
Event: 9.854 GC heap before
{Heap before GC invocations=11 (full 2):
 PSYoungGen      total 114176K, used 10721K [0x00000000e0000000, 0x00000000e7a00000, 0x0000000100000000)
  eden space 103424K, 0% used [0x00000000e0000000,0x00000000e0000000,0x00000000e6500000)
  from space 10752K, 99% used [0x00000000e6500000,0x00000000e6f785b0,0x00000000e6f80000)
  to   space 10240K, 0% used [0x00000000e6f80000,0x00000000e6f80000,0x00000000e7980000)
 ParOldGen       total 59904K, used 7935K [0x00000000a0000000, 0x00000000a3a80000, 0x00000000e0000000)
  object space 59904K, 13% used [0x00000000a0000000,0x00000000a07bfd00,0x00000000a3a80000)
 Metaspace       used 34479K, capacity 35266K, committed 35416K, reserved 1079296K
  class space    used 4742K, capacity 4978K, committed 4992K, reserved 1048576K
Event: 10.011 GC heap after
Heap after GC invocations=11 (full 2):
 PSYoungGen      total 114176K, used 0K [0x00000000e0000000, 0x00000000e7a00000, 0x0000000100000000)
  eden space 103424K, 0% used [0x00000000e0000000,0x00000000e0000000,0x00000000e6500000)
  from space 10752K, 0% used [0x00000000e6500000,0x00000000e6500000,0x00000000e6f80000)
  to   space 10240K, 0% used [0x00000000e6f80000,0x00000000e6f80000,0x00000000e7980000)
 ParOldGen       total 59904K, used 17712K [0x00000000a0000000, 0x00000000a3a80000, 0x00000000e0000000)
  object space 59904K, 29% used [0x00000000a0000000,0x00000000a114c198,0x00000000a3a80000)
 Metaspace       used 34447K, capacity 35158K, committed 35416K, reserved 1079296K
  class space    used 4732K, capacity 4960K, committed 4992K, reserved 1048576K
}
Event: 12.184 GC heap before
{Heap before GC invocations=12 (full 2):
 PSYoungGen      total 114176K, used 103424K [0x00000000e0000000, 0x00000000e7a00000, 0x0000000100000000)
  eden space 103424K, 100% used [0x00000000e0000000,0x00000000e6500000,0x00000000e6500000)
  from space 10752K, 0% used [0x00000000e6500000,0x00000000e6500000,0x00000000e6f80000)
  to   space 10240K, 0% used [0x00000000e6f80000,0x00000000e6f80000,0x00000000e7980000)
 ParOldGen       total 59904K, used 17712K [0x00000000a0000000, 0x00000000a3a80000, 0x00000000e0000000)
  object space 59904K, 29% used [0x00000000a0000000,0x00000000a114c198,0x00000000a3a80000)
 Metaspace       used 44933K, capacity 45864K, committed 46296K, reserved 1089536K
  class space    used 6038K, capacity 6282K, committed 6400K, reserved 1048576K
Event: 12.198 GC heap after
Heap after GC invocations=12 (full 2):
 PSYoungGen      total 110592K, used 10225K [0x00000000e0000000, 0x00000000e9580000, 0x0000000100000000)
  eden space 100352K, 0% used [0x00000000e0000000,0x00000000e0000000,0x00000000e6200000)
  from space 10240K, 99% used [0x00000000e6f80000,0x00000000e797c610,0x00000000e7980000)
  to   space 13824K, 0% used [0x00000000e6200000,0x00000000e6200000,0x00000000e6f80000)
 ParOldGen       total 59904K, used 21382K [0x00000000a0000000, 0x00000000a3a80000, 0x00000000e0000000)
  object space 59904K, 35% used [0x00000000a0000000,0x00000000a14e1b28,0x00000000a3a80000)
 Metaspace       used 44933K, capacity 45864K, committed 46296K, reserved 1089536K
  class space    used 6038K, capacity 6282K, committed 6400K, reserved 1048576K
}

Deoptimization events (10 events):
Event: 11.331 Thread 0x0000000019830000 Uncommon trap: reason=unstable_if action=reinterpret pc=0x000000000361b1fc method=java.util.LinkedHashMap.get(Ljava/lang/Object;)Ljava/lang/Object; @ 20
Event: 11.469 Thread 0x0000000019830000 Uncommon trap: reason=unstable_if action=reinterpret pc=0x000000000333ae30 method=org.objectweb.asm.ByteVector.putUTF8(Ljava/lang/String;)Lorg/objectweb/asm/ByteVector; @ 93
Event: 11.655 Thread 0x0000000019830000 Uncommon trap: reason=unstable_if action=reinterpret pc=0x00000000032b6730 method=org.objectweb.asm.ByteVector.putUTF8(Ljava/lang/String;)Lorg/objectweb/asm/ByteVector; @ 93
Event: 12.075 Thread 0x0000000019830000 Uncommon trap: reason=unstable_if action=reinterpret pc=0x0000000003376520 method=org.gradle.internal.reflect.PropertyAccessorType.of(Ljava/lang/reflect/Method;)Lorg/gradle/internal/reflect/PropertyAccessorType; @ 56
Event: 12.225 Thread 0x0000000019830000 Uncommon trap: reason=unstable_if action=reinterpret pc=0x000000000340ab84 method=org.codehaus.groovy.runtime.metaclass.MetaMethodIndex.isNonRealMethod(Lgroovy/lang/MetaMethod;)Z @ 4
Event: 12.225 Thread 0x0000000019830000 Uncommon trap: reason=unstable_if action=reinterpret pc=0x00000000036659c4 method=groovy.lang.MetaClassImpl$1MOPIter.methodNameAction(Ljava/lang/Class;Lorg/codehaus/groovy/runtime/metaclass/MetaMethodIndex$Entry;)V @ 182
Event: 12.246 Thread 0x0000000019830000 Uncommon trap: reason=unstable_if action=reinterpret pc=0x00000000036f67dc method=java.lang.ClassLoader.checkCerts(Ljava/lang/String;Ljava/security/CodeSource;)V @ 29
Event: 12.246 Thread 0x0000000019830000 Uncommon trap: reason=unstable_if action=reinterpret pc=0x00000000036d1a08 method=java.lang.ClassLoader.postDefineClass(Ljava/lang/Class;Ljava/security/ProtectionDomain;)V @ 4
Event: 12.264 Thread 0x0000000019830000 Uncommon trap: reason=unstable_if action=reinterpret pc=0x00000000036b5c0c method=java.util.WeakHashMap.put(Ljava/lang/Object;Ljava/lang/Object;)Ljava/lang/Object; @ 59
Event: 12.593 Thread 0x0000000019830000 Uncommon trap: reason=unstable_if action=reinterpret pc=0x00000000036bf2e4 method=org.gradle.internal.instantiation.AbstractClassGenerator$InjectionAnnotationValidator.validateMethod(Ljava/lang/reflect/Method;Lorg/gradle/internal/reflect/PropertyAccessorT

Classes redefined (0 events):
No events

Internal exceptions (10 events):
Event: 12.444 Thread 0x0000000019830000 Exception <a 'java/lang/ClassNotFoundException': build_6vjgzku729mrwxvpngd2b9f2b$_run_closure1BeanInfo> (0x00000000e150d5b0) thrown at [D:\src\AOSP-openjdk-cygwin\jdk8u\hotspot\src\share\vm\classfile\systemDictionary.cpp, line 210]
Event: 12.445 Thread 0x0000000019830000 Exception <a 'java/lang/ClassNotFoundException': build_6vjgzku729mrwxvpngd2b9f2b$_run_closure1Customizer> (0x00000000e151e980) thrown at [D:\src\AOSP-openjdk-cygwin\jdk8u\hotspot\src\share\vm\classfile\systemDictionary.cpp, line 210]
Event: 12.461 Thread 0x0000000019830000 Exception <a 'java/lang/ClassNotFoundException': org/gradle/api/internal/file/collections/DefaultConfigurableFileTreeBeanInfo> (0x00000000e16c03e8) thrown at [D:\src\AOSP-openjdk-cygwin\jdk8u\hotspot\src\share\vm\classfile\systemDictionary.cpp, line 210]
Event: 12.462 Thread 0x0000000019830000 Exception <a 'java/lang/ClassNotFoundException': org/gradle/api/internal/file/CompositeFileTreeBeanInfo> (0x00000000e16f41b0) thrown at [D:\src\AOSP-openjdk-cygwin\jdk8u\hotspot\src\share\vm\classfile\systemDictionary.cpp, line 210]
Event: 12.463 Thread 0x0000000019830000 Exception <a 'java/lang/ClassNotFoundException': org/gradle/api/internal/file/CompositeFileCollectionBeanInfo> (0x00000000e172be30) thrown at [D:\src\AOSP-openjdk-cygwin\jdk8u\hotspot\src\share\vm\classfile\systemDictionary.cpp, line 210]
Event: 12.464 Thread 0x0000000019830000 Exception <a 'java/lang/ClassNotFoundException': org/gradle/api/internal/file/AbstractFileCollectionBeanInfo> (0x00000000e1763c18) thrown at [D:\src\AOSP-openjdk-cygwin\jdk8u\hotspot\src\share\vm\classfile\systemDictionary.cpp, line 210]
Event: 12.468 Thread 0x0000000019830000 Exception <a 'java/lang/ClassNotFoundException': org/gradle/api/internal/file/AbstractFileCollectionCustomizer> (0x00000000e179c4c8) thrown at [D:\src\AOSP-openjdk-cygwin\jdk8u\hotspot\src\share\vm\classfile\systemDictionary.cpp, line 210]
Event: 12.469 Thread 0x0000000019830000 Exception <a 'java/lang/ClassNotFoundException': org/gradle/api/internal/file/CompositeFileCollectionCustomizer> (0x00000000e17e2350) thrown at [D:\src\AOSP-openjdk-cygwin\jdk8u\hotspot\src\share\vm\classfile\systemDictionary.cpp, line 210]
Event: 12.471 Thread 0x0000000019830000 Exception <a 'java/lang/ClassNotFoundException': org/gradle/api/internal/file/CompositeFileTreeCustomizer> (0x00000000e1826ba0) thrown at [D:\src\AOSP-openjdk-cygwin\jdk8u\hotspot\src\share\vm\classfile\systemDictionary.cpp, line 210]
Event: 12.473 Thread 0x0000000019830000 Exception <a 'java/lang/ClassNotFoundException': org/gradle/api/internal/file/collections/DefaultConfigurableFileTreeCustomizer> (0x00000000e1874cd0) thrown at [D:\src\AOSP-openjdk-cygwin\jdk8u\hotspot\src\share\vm\classfile\systemDictionary.cpp, line 210

Events (10 events):
Event: 12.663 loading class com/android/build/gradle/internal/ProductFlavorData
Event: 12.663 loading class com/android/build/gradle/internal/ProductFlavorData done
Event: 12.664 loading class com/android/build/gradle/internal/core/GradleVariantConfiguration
Event: 12.664 loading class com/android/build/gradle/internal/core/GradleVariantConfiguration done
Event: 12.666 loading class com/android/build/gradle/internal/core/VariantConfiguration
Event: 12.666 loading class com/android/build/gradle/internal/core/VariantConfiguration done
Event: 12.671 loading class com/android/build/gradle/internal/core/GradleVariantConfiguration$Builder
Event: 12.671 loading class com/android/build/gradle/internal/core/GradleVariantConfiguration$Builder done
Event: 12.672 loading class com/android/build/gradle/TestAndroidConfig
Event: 12.672 loading class com/android/build/gradle/TestAndroidConfig done


Dynamic libraries:
0x00007ff6cf6c0000 - 0x00007ff6cf6f1000 	C:\Program Files\Android\Android Studio\jre\bin\java.exe
0x00007ffba7370000 - 0x00007ffba7564000 	C:\WINDOWS\SYSTEM32\ntdll.dll
0x00007ffba6710000 - 0x00007ffba67cd000 	C:\WINDOWS\System32\KERNEL32.DLL
0x00007ffba4af0000 - 0x00007ffba4db7000 	C:\WINDOWS\System32\KERNELBASE.dll
0x00007ffba5fb0000 - 0x00007ffba605a000 	C:\WINDOWS\System32\ADVAPI32.dll
0x00007ffba5c80000 - 0x00007ffba5d1e000 	C:\WINDOWS\System32\msvcrt.dll
0x00007ffba6930000 - 0x00007ffba69cb000 	C:\WINDOWS\System32\sechost.dll
0x00007ffba53e0000 - 0x00007ffba5503000 	C:\WINDOWS\System32\RPCRT4.dll
0x00007ffba6170000 - 0x00007ffba6310000 	C:\WINDOWS\System32\USER32.dll
0x00007ffba4ac0000 - 0x00007ffba4ae2000 	C:\WINDOWS\System32\win32u.dll
0x00007ffba5c50000 - 0x00007ffba5c7a000 	C:\WINDOWS\System32\GDI32.dll
0x00007ffba4df0000 - 0x00007ffba4ef9000 	C:\WINDOWS\System32\gdi32full.dll
0x00007ffba5260000 - 0x00007ffba52fd000 	C:\WINDOWS\System32\msvcp_win.dll
0x00007ffba5160000 - 0x00007ffba5260000 	C:\WINDOWS\System32\ucrtbase.dll
0x00007ffb8e080000 - 0x00007ffb8e31a000 	C:\WINDOWS\WinSxS\amd64_microsoft.windows.common-controls_6595b64144ccf1df_6.0.19041.1_none_b555e41d4684ddec\COMCTL32.dll
0x00007ffba6b20000 - 0x00007ffba6b50000 	C:\WINDOWS\System32\IMM32.DLL
0x000000006c0c0000 - 0x000000006c192000 	C:\Program Files\Android\Android Studio\jre\jre\bin\msvcr100.dll
0x000000006c1a0000 - 0x000000006c9e6000 	C:\Program Files\Android\Android Studio\jre\jre\bin\server\jvm.dll
0x00007ffba6b50000 - 0x00007ffba6b58000 	C:\WINDOWS\System32\PSAPI.DLL
0x00007ffb90330000 - 0x00007ffb90357000 	C:\WINDOWS\SYSTEM32\WINMM.dll
0x00007ffb91dc0000 - 0x00007ffb91dc9000 	C:\WINDOWS\SYSTEM32\WSOCK32.dll
0x00007ffb9a1e0000 - 0x00007ffb9a1ea000 	C:\WINDOWS\SYSTEM32\VERSION.dll
0x00007ffba67e0000 - 0x00007ffba684b000 	C:\WINDOWS\System32\WS2_32.dll
0x00007ffb9ee40000 - 0x00007ffb9ee4f000 	C:\Program Files\Android\Android Studio\jre\jre\bin\verify.dll
0x00007ffb93e40000 - 0x00007ffb93e69000 	C:\Program Files\Android\Android Studio\jre\jre\bin\java.dll
0x00007ffb9dbc0000 - 0x00007ffb9dbd6000 	C:\Program Files\Android\Android Studio\jre\jre\bin\zip.dll
0x00007ffba5510000 - 0x00007ffba5c41000 	C:\WINDOWS\System32\SHELL32.dll
0x00007ffba2ce0000 - 0x00007ffba346a000 	C:\WINDOWS\SYSTEM32\windows.storage.dll
0x00007ffba6390000 - 0x00007ffba66e4000 	C:\WINDOWS\System32\combase.dll
0x00007ffba4470000 - 0x00007ffba449b000 	C:\WINDOWS\SYSTEM32\Wldp.dll
0x00007ffba6bc0000 - 0x00007ffba6c6e000 	C:\WINDOWS\System32\SHCORE.dll
0x00007ffba6b60000 - 0x00007ffba6bb5000 	C:\WINDOWS\System32\shlwapi.dll
0x00007ffba4a00000 - 0x00007ffba4a1f000 	C:\WINDOWS\SYSTEM32\profapi.dll
0x00007ffb9bb80000 - 0x00007ffb9bb9a000 	C:\Program Files\Android\Android Studio\jre\jre\bin\net.dll
0x00007ffb9a3f0000 - 0x00007ffb9a5dd000 	C:\WINDOWS\SYSTEM32\urlmon.dll
0x00007ffb9b2e0000 - 0x00007ffb9b58e000 	C:\WINDOWS\SYSTEM32\iertutil.dll
0x00007ffba41f0000 - 0x00007ffba425a000 	C:\WINDOWS\system32\mswsock.dll
0x00007ffb94770000 - 0x00007ffb94783000 	C:\Program Files\Android\Android Studio\jre\jre\bin\nio.dll
0x00007ffb8dea0000 - 0x00007ffb8dec6000 	C:\Users\USUARIO\.gradle\native\29\windows-amd64\native-platform.dll
0x00007ffb9e620000 - 0x00007ffb9e62d000 	C:\Program Files\Android\Android Studio\jre\jre\bin\management.dll
0x00007ffba43c0000 - 0x00007ffba43d8000 	C:\WINDOWS\SYSTEM32\CRYPTSP.dll
0x00007ffba3b80000 - 0x00007ffba3bb4000 	C:\WINDOWS\system32\rsaenh.dll
0x00007ffba4dc0000 - 0x00007ffba4de7000 	C:\WINDOWS\System32\bcrypt.dll
0x00007ffba49c0000 - 0x00007ffba49ee000 	C:\WINDOWS\SYSTEM32\USERENV.dll
0x00007ffba5300000 - 0x00007ffba537f000 	C:\WINDOWS\System32\bcryptprimitives.dll
0x00007ffba43e0000 - 0x00007ffba43ec000 	C:\WINDOWS\SYSTEM32\CRYPTBASE.dll
0x00007ffba3ee0000 - 0x00007ffba3f1b000 	C:\WINDOWS\SYSTEM32\IPHLPAPI.DLL
0x00007ffba67d0000 - 0x00007ffba67d9000 	C:\WINDOWS\System32\NSI.dll
0x00007ffb9ea10000 - 0x00007ffb9ea27000 	C:\WINDOWS\SYSTEM32\dhcpcsvc6.DLL
0x00007ffb9ea70000 - 0x00007ffb9ea8d000 	C:\WINDOWS\SYSTEM32\dhcpcsvc.DLL
0x00007ffba3f20000 - 0x00007ffba3fea000 	C:\WINDOWS\SYSTEM32\DNSAPI.dll

VM Arguments:
jvm_args: -Xmx1536m -Dfile.encoding=windows-1252 -Duser.country=CO -Duser.language=es -Duser.variant 
java_command: org.gradle.launcher.daemon.bootstrap.GradleDaemon 5.4.1
java_class_path (initial): C:\Users\USUARIO\.gradle\wrapper\dists\gradle-5.4.1-all\3221gyojl5jsh0helicew7rwx\gradle-5.4.1\lib\gradle-launcher-5.4.1.jar
Launcher Type: SUN_STANDARD

Environment Variables:
PATH=C:\Program Files (x86)\Common Files\Oracle\Java\javapath;C:\Windows\system32;C:\Program Files (x86)\Intel\Intel(R) Management Engine Components\iCLS\;C:\Program Files\Intel\Intel(R) Management Engine Components\iCLS\;C:\Windows;C:\Windows\System32\Wbem;C:\Windows\System32\WindowsPowerShell\v1.0\;C:\Windows\System32\OpenSSH\;C:\Program Files (x86)\Intel\Intel(R) Management Engine Components\DAL;C:\Program Files\Intel\Intel(R) Management Engine Components\DAL;C:\Program Files (x86)\Intel\Intel(R) Management Engine Components\IPT;C:\Program Files\Intel\Intel(R) Management Engine Components\IPT;C:\Program Files\Git\cmd;C:\Program Files\nodejs\;C:\Users\USUARIO\.dnx\bin;C:\Program Files\Microsoft DNX\Dnvm\;C:\Program Files\Microsoft SQL Server\120\Tools\Binn\;C:\Program Files\Microsoft SQL Server\130\Tools\Binn\;C:\Program Files (x86)\Windows Kits\10\Windows Performance Toolkit\;C:\Program Files (x86)\Microsoft SQL Server\150\DTS\Binn\;C:\Program Files\Microsoft SQL Server\Client SDK\ODBC\130\Tools\Binn\;C:\Progra;%SystemRoot%\system32;%SystemRoot%;%SystemRoot%\System32\Wbem;%SYSTEMROOT%\System32\WindowsPowerShell\v1.0\;%SYSTEMROOT%\System32\OpenSSH\;C:\Users\USUARIO\AppData\Local\Microsoft\WindowsApps;C:\Users\USUARIO\AppData\Local\Programs\Microsoft VS Code\bin;C:\Users\USUARIO\AppData\Roaming\npm;C:\Users\USUARIO\AppData\Local\GitHubDesktop\bin
USERNAME=USUARIO
OS=Windows_NT
PROCESSOR_IDENTIFIER=Intel64 Family 6 Model 142 Stepping 10, GenuineIntel



---------------  S Y S T E M  ---------------

OS: Windows 10.0 , 64 bit Build 19041 (10.0.19041.207)

CPU:total 8 (initial active 8) (4 cores per cpu, 2 threads per core) family 6 model 142 stepping 10, cmov, cx8, fxsr, mmx, sse, sse2, sse3, ssse3, sse4.1, sse4.2, popcnt, avx, avx2, aes, clmul, erms, 3dnowpref, lzcnt, ht, tsc, tscinvbit, bmi1, bmi2, adx

Memory: 4k page, physical 8259148k(2503348k free), swap 13379148k(4268k free)

vm_info: OpenJDK 64-Bit Server VM (25.212-b04) for windows-amd64 JRE (1.8.0_212-release-1586-b04), built by "builder" with MS VC++ 10.0 (VS2010)

time: Thu May 28 22:37:22 2020
timezone: Hora est. Pacífico, Sudamérica
elapsed time: 12 seconds (0d 0h 0m 12s)

