#
# There is insufficient memory for the Java Runtime Environment to continue.
# Native memory allocation (malloc) failed to allocate 65552 bytes for Chunk::new
# Possible reasons:
#   The system is out of physical RAM or swap space
#   The process is running with CompressedOops enabled, and the Java Heap may be blocking the growth of the native heap
# Possible solutions:
#   Reduce memory load on the system
#   Increase physical memory or swap space
#   Check if swap backing store is full
#   Decrease Java heap size (-Xmx/-Xms)
#   Decrease number of Java threads
#   Decrease Java thread stack sizes (-Xss)
#   Set larger code cache with -XX:ReservedCodeCacheSize=
#   JVM is running with Unscaled Compressed Oops mode in which the Java heap is
#     placed in the first 4GB address space. The Java Heap base address is the
#     maximum limit for the native heap growth. Please use -XX:HeapBaseMinAddress
#     to set the Java Heap base and to place the Java Heap above 4GB virtual address.
# This output file may be truncated or incomplete.
#
#  Out of Memory Error (allocation.cpp:389), pid=14256, tid=0x0000000000006748
#
# JRE version: OpenJDK Runtime Environment (8.0_212-b04) (build 1.8.0_212-release-1586-b04)
# Java VM: OpenJDK 64-Bit Server VM (25.212-b04 mixed mode windows-amd64 compressed oops)
# Failed to write core dump. Minidumps are not enabled by default on client versions of Windows
#

---------------  T H R E A D  ---------------

Current thread (0x0000000018346000):  JavaThread "C2 CompilerThread2" daemon [_thread_in_native, id=26440, stack(0x0000000018e40000,0x0000000018f40000)]

Stack: [0x0000000018e40000,0x0000000018f40000]
[error occurred during error reporting (printing stack bounds), id 0xc0000005]

Native frames: (J=compiled Java code, j=interpreted, Vv=VM code, C=native code)


Current CompileTask:
C2:  10756 4941       4       java.net.URLClassLoader$1::run (5 bytes)


---------------  P R O C E S S  ---------------

Java Threads: ( => current thread )
  0x000000001cc5f800 JavaThread "Cache worker for file content cache (C:\Users\USUARIO\Desktop\TrasteosMedellin\.gradle\5.4.1\fileContent)" [_thread_blocked, id=21596, stack(0x0000000024690000,0x0000000024790000)]
  0x000000001cc62800 JavaThread "Cache worker for file content cache (C:\Users\USUARIO\.gradle\caches\5.4.1\fileContent)" [_thread_blocked, id=16392, stack(0x00000000240e0000,0x00000000241e0000)]
  0x000000001cc5d800 JavaThread "Memory manager" [_thread_blocked, id=10076, stack(0x00000000239d0000,0x0000000023ad0000)]
  0x000000001cc60800 JavaThread "Cache worker for Build Output Cleanup Cache (C:\Users\USUARIO\Desktop\TrasteosMedellin\.gradle\buildOutputCleanup)" [_thread_blocked, id=16256, stack(0x00000000236d0000,0x00000000237d0000)]
  0x000000001cc62000 JavaThread "pool-1-thread-1" [_thread_blocked, id=9580, stack(0x0000000022f60000,0x0000000023060000)]
  0x000000001fec0000 JavaThread "Build operations Thread 8" [_thread_blocked, id=21644, stack(0x0000000022e60000,0x0000000022f60000)]
  0x000000001febe800 JavaThread "Build operations Thread 7" [_thread_blocked, id=6300, stack(0x0000000022d60000,0x0000000022e60000)]
  0x000000001febe000 JavaThread "Build operations Thread 6" [_thread_blocked, id=20972, stack(0x0000000022c60000,0x0000000022d60000)]
  0x000000001fec4800 JavaThread "Build operations Thread 5" [_thread_blocked, id=14540, stack(0x0000000022b60000,0x0000000022c60000)]
  0x000000001fec4000 JavaThread "Build operations Thread 4" [_thread_blocked, id=26676, stack(0x0000000022a60000,0x0000000022b60000)]
  0x000000001fec2800 JavaThread "Build operations Thread 3" [_thread_blocked, id=11592, stack(0x0000000022960000,0x0000000022a60000)]
  0x000000001fec1000 JavaThread "Build operations Thread 2" [_thread_blocked, id=26636, stack(0x0000000022860000,0x0000000022960000)]
  0x000000001febf800 JavaThread "Build operations" [_thread_blocked, id=18968, stack(0x00000000222e0000,0x00000000223e0000)]
  0x000000001fec3000 JavaThread "Cache worker for execution history cache (C:\Users\USUARIO\.gradle\caches\5.4.1\executionHistory)" [_thread_blocked, id=11916, stack(0x00000000221e0000,0x00000000222e0000)]
  0x000000001a16a000 JavaThread "Cache worker for cache directory md-rule (C:\Users\USUARIO\.gradle\caches\5.4.1\md-rule)" [_thread_blocked, id=24196, stack(0x00000000220e0000,0x00000000221e0000)]
  0x000000001a169800 JavaThread "Cache worker for cache directory md-supplier (C:\Users\USUARIO\.gradle\caches\5.4.1\md-supplier)" [_thread_blocked, id=26544, stack(0x0000000020d20000,0x0000000020e20000)]
  0x000000001a168000 JavaThread "Cache worker for file hash cache (C:\Users\USUARIO\Desktop\TrasteosMedellin\.gradle\5.4.1\fileHashes)" [_thread_blocked, id=14396, stack(0x000000001f430000,0x000000001f530000)]
  0x000000001a167000 JavaThread "Cache worker for journal cache (C:\Users\USUARIO\.gradle\caches\journal-1)" [_thread_blocked, id=14220, stack(0x000000001cf90000,0x000000001d090000)]
  0x000000001a164000 JavaThread "File lock request listener" [_thread_in_native, id=14684, stack(0x000000001ce90000,0x000000001cf90000)]
  0x0000000019e9f800 JavaThread "Cache worker for file hash cache (C:\Users\USUARIO\.gradle\caches\5.4.1\fileHashes)" [_thread_blocked, id=7136, stack(0x000000001cd90000,0x000000001ce90000)]
  0x000000001a562800 JavaThread "Thread-9" [_thread_blocked, id=21212, stack(0x000000001bcc0000,0x000000001bdc0000)]
  0x000000001a3b5000 JavaThread "Stdin handler" [_thread_blocked, id=8504, stack(0x000000001bbc0000,0x000000001bcc0000)]
  0x000000001a3b6000 JavaThread "Asynchronous log dispatcher for DefaultDaemonConnection: socket connection from /127.0.0.1:49530 to /127.0.0.1:49531" [_thread_blocked, id=26076, stack(0x000000001b9c0000,0x000000001bac0000)]
  0x000000001a6fe800 JavaThread "Daemon worker" [_thread_in_native, id=16792, stack(0x000000001b8c0000,0x000000001b9c0000)]
  0x000000001a3b7800 JavaThread "Cancel handler" [_thread_blocked, id=25152, stack(0x000000001b7c0000,0x000000001b8c0000)]
  0x0000000019a89800 JavaThread "Handler for socket connection from /127.0.0.1:49530 to /127.0.0.1:49531" [_thread_in_native, id=16700, stack(0x000000001b4c0000,0x000000001b5c0000)]
  0x0000000018682000 JavaThread "Daemon" [_thread_blocked, id=4520, stack(0x000000001b3c0000,0x000000001b4c0000)]
  0x00000000194ac000 JavaThread "Daemon periodic checks" [_thread_blocked, id=10124, stack(0x000000001b2c0000,0x000000001b3c0000)]
  0x00000000194aa000 JavaThread "Incoming local TCP Connector on port 49530" [_thread_in_native, id=27632, stack(0x000000001b050000,0x000000001b150000)]
  0x000000001a606800 JavaThread "Daemon health stats" [_thread_blocked, id=23616, stack(0x000000001aa10000,0x000000001ab10000)]
  0x00000000183cc000 JavaThread "Service Thread" daemon [_thread_blocked, id=5724, stack(0x0000000019040000,0x0000000019140000)]
  0x000000001834a000 JavaThread "C1 CompilerThread3" daemon [_thread_in_vm, id=10156, stack(0x0000000018f40000,0x0000000019040000)]
=>0x0000000018346000 JavaThread "C2 CompilerThread2" daemon [_thread_in_native, id=26440, stack(0x0000000018e40000,0x0000000018f40000)]
  0x000000001833d000 JavaThread "C2 CompilerThread1" daemon [_thread_in_native, id=23240, stack(0x0000000018d40000,0x0000000018e40000)]
  0x000000001833a000 JavaThread "C2 CompilerThread0" daemon [_thread_in_native, id=6984, stack(0x0000000018c40000,0x0000000018d40000)]
  0x0000000018339000 JavaThread "Attach Listener" daemon [_thread_blocked, id=7484, stack(0x0000000018b40000,0x0000000018c40000)]
  0x0000000018336000 JavaThread "Signal Dispatcher" daemon [_thread_blocked, id=1080, stack(0x0000000018a40000,0x0000000018b40000)]
  0x0000000002739000 JavaThread "Finalizer" daemon [_thread_blocked, id=12252, stack(0x0000000018810000,0x0000000018910000)]
  0x0000000018330800 JavaThread "Reference Handler" daemon [_thread_blocked, id=11760, stack(0x0000000018710000,0x0000000018810000)]
  0x0000000002642800 JavaThread "main" [_thread_blocked, id=15932, stack(0x0000000002520000,0x0000000002620000)]

Other Threads:
  0x0000000016526800 VMThread [stack: 0x0000000018210000,0x0000000018310000] [id=10724]
  0x00000000183e1000 WatcherThread [stack: 0x0000000019140000,0x0000000019240000] [id=16816]

VM state:not at safepoint (normal execution)

VM Mutex/Monitor currently owned by a thread: None

heap address: 0x00000000a0000000, size: 1536 MB, Compressed Oops mode: 32-bit
Narrow klass base: 0x0000000000000000, Narrow klass shift: 3
Compressed class space size: 1073741824 Address: 0x0000000100000000

Heap:
 PSYoungGen      total 99840K, used 27410K [0x00000000e0000000, 0x00000000e7080000, 0x0000000100000000)
  eden space 88064K, 19% used [0x00000000e0000000,0x00000000e1081488,0x00000000e5600000)
  from space 11776K, 89% used [0x00000000e6500000,0x00000000e6f435c8,0x00000000e7080000)
  to   space 13312K, 0% used [0x00000000e5680000,0x00000000e5680000,0x00000000e6380000)
 ParOldGen       total 56832K, used 27334K [0x00000000a0000000, 0x00000000a3780000, 0x00000000e0000000)
  object space 56832K, 48% used [0x00000000a0000000,0x00000000a1ab18c8,0x00000000a3780000)
 Metaspace       used 55774K, capacity 57410K, committed 57768K, reserved 1101824K
  class space    used 7613K, capacity 8053K, committed 8104K, reserved 1048576K

Card table byte_map: [0x0000000011b10000,0x0000000011e20000] byte_map_base: 0x0000000011610000

Marking Bits: (ParMarkBitMap*) 0x000000006c969f30
 Begin Bits: [0x0000000012820000, 0x0000000014020000)
 End Bits:   [0x0000000014020000, 0x0000000015820000)

Polling page: 0x0000000002620000

CodeCache: size=245760Kb used=15182Kb max_used=16072Kb free=230577Kb
 bounds [0x0000000002750000, 0x0000000003710000, 0x0000000011750000]
 total_blobs=5186 nmethods=4404 adapters=694
 compilation: disabled (not enough contiguous free space left)

Compilation events (10 events):
Event: 10.750 Thread 0x000000001834a000 nmethod 4974 0x000000000370ccd0 code [0x000000000370ce40, 0x000000000370d0f0]
Event: 10.750 Thread 0x000000001834a000 4975       3       com.sun.xml.bind.v2.model.impl.ClassInfoImpl::getPropertyNameFromGetMethod (48 bytes)
Event: 10.751 Thread 0x000000001834a000 nmethod 4975 0x000000000370d1d0 code [0x000000000370d3a0, 0x000000000370dc78]
Event: 10.751 Thread 0x000000001834a000 4976       3       com.sun.xml.bind.v2.model.impl.ClassInfoImpl::getPropertyNameFromSetMethod (25 bytes)
Event: 10.751 Thread 0x000000001834a000 nmethod 4976 0x000000000370de90 code [0x000000000370e020, 0x000000000370e538]
Event: 10.751 Thread 0x000000001834a000 4977       1       java.util.Collections$EmptyMap::containsKey (2 bytes)
Event: 10.751 Thread 0x000000001834a000 nmethod 4977 0x000000000370e690 code [0x000000000370e7e0, 0x000000000370e8f0]
Event: 10.752 Thread 0x000000001834a000 4978       3       java.lang.Class::getPackage (5 bytes)
Event: 10.752 Thread 0x000000001834a000 nmethod 4978 0x000000000370e950 code [0x000000000370eac0, 0x000000000370ec48]
Event: 10.753 Thread 0x000000001834a000 4979       3       java.lang.Package::getPackage (46 bytes)

GC Heap History (10 events):
Event: 6.379 GC heap before
{Heap before GC invocations=10 (full 1):
 PSYoungGen      total 76288K, used 64673K [0x00000000e0000000, 0x00000000e8080000, 0x0000000100000000)
  eden space 66560K, 84% used [0x00000000e0000000,0x00000000e36d3590,0x00000000e4100000)
  from space 9728K, 87% used [0x00000000e4b80000,0x00000000e53d51a0,0x00000000e5500000)
  to   space 10752K, 0% used [0x00000000e4100000,0x00000000e4100000,0x00000000e4b80000)
 ParOldGen       total 56832K, used 8249K [0x00000000a0000000, 0x00000000a3780000, 0x00000000e0000000)
  object space 56832K, 14% used [0x00000000a0000000,0x00000000a080e698,0x00000000a3780000)
 Metaspace       used 34567K, capacity 35410K, committed 35496K, reserved 1079296K
  class space    used 4776K, capacity 5004K, committed 5032K, reserved 1048576K
Event: 6.389 GC heap after
Heap after GC invocations=10 (full 1):
 PSYoungGen      total 77312K, used 10725K [0x00000000e0000000, 0x00000000e7080000, 0x0000000100000000)
  eden space 66560K, 0% used [0x00000000e0000000,0x00000000e0000000,0x00000000e4100000)
  from space 10752K, 99% used [0x00000000e4100000,0x00000000e4b79650,0x00000000e4b80000)
  to   space 11776K, 0% used [0x00000000e6500000,0x00000000e6500000,0x00000000e7080000)
 ParOldGen       total 56832K, used 8363K [0x00000000a0000000, 0x00000000a3780000, 0x00000000e0000000)
  object space 56832K, 14% used [0x00000000a0000000,0x00000000a082adb8,0x00000000a3780000)
 Metaspace       used 34567K, capacity 35410K, committed 35496K, reserved 1079296K
  class space    used 4776K, capacity 5004K, committed 5032K, reserved 1048576K
}
Event: 6.389 GC heap before
{Heap before GC invocations=11 (full 2):
 PSYoungGen      total 77312K, used 10725K [0x00000000e0000000, 0x00000000e7080000, 0x0000000100000000)
  eden space 66560K, 0% used [0x00000000e0000000,0x00000000e0000000,0x00000000e4100000)
  from space 10752K, 99% used [0x00000000e4100000,0x00000000e4b79650,0x00000000e4b80000)
  to   space 11776K, 0% used [0x00000000e6500000,0x00000000e6500000,0x00000000e7080000)
 ParOldGen       total 56832K, used 8363K [0x00000000a0000000, 0x00000000a3780000, 0x00000000e0000000)
  object space 56832K, 14% used [0x00000000a0000000,0x00000000a082adb8,0x00000000a3780000)
 Metaspace       used 34567K, capacity 35410K, committed 35496K, reserved 1079296K
  class space    used 4776K, capacity 5004K, committed 5032K, reserved 1048576K
Event: 6.451 GC heap after
Heap after GC invocations=11 (full 2):
 PSYoungGen      total 77312K, used 0K [0x00000000e0000000, 0x00000000e7080000, 0x0000000100000000)
  eden space 66560K, 0% used [0x00000000e0000000,0x00000000e0000000,0x00000000e4100000)
  from space 10752K, 0% used [0x00000000e4100000,0x00000000e4100000,0x00000000e4b80000)
  to   space 11776K, 0% used [0x00000000e6500000,0x00000000e6500000,0x00000000e7080000)
 ParOldGen       total 56832K, used 17721K [0x00000000a0000000, 0x00000000a3780000, 0x00000000e0000000)
  object space 56832K, 31% used [0x00000000a0000000,0x00000000a114e658,0x00000000a3780000)
 Metaspace       used 34537K, capacity 35308K, committed 35496K, reserved 1079296K
  class space    used 4767K, capacity 4987K, committed 5032K, reserved 1048576K
}
Event: 7.198 GC heap before
{Heap before GC invocations=12 (full 2):
 PSYoungGen      total 77312K, used 66560K [0x00000000e0000000, 0x00000000e7080000, 0x0000000100000000)
  eden space 66560K, 100% used [0x00000000e0000000,0x00000000e4100000,0x00000000e4100000)
  from space 10752K, 0% used [0x00000000e4100000,0x00000000e4100000,0x00000000e4b80000)
  to   space 11776K, 0% used [0x00000000e6500000,0x00000000e6500000,0x00000000e7080000)
 ParOldGen       total 56832K, used 17721K [0x00000000a0000000, 0x00000000a3780000, 0x00000000e0000000)
  object space 56832K, 31% used [0x00000000a0000000,0x00000000a114e658,0x00000000a3780000)
 Metaspace       used 42453K, capacity 43390K, committed 43688K, reserved 1087488K
  class space    used 5746K, capacity 6023K, committed 6056K, reserved 1048576K
Event: 7.209 GC heap after
Heap after GC invocations=12 (full 2):
 PSYoungGen      total 99840K, used 11762K [0x00000000e0000000, 0x00000000e7080000, 0x0000000100000000)
  eden space 88064K, 0% used [0x00000000e0000000,0x00000000e0000000,0x00000000e5600000)
  from space 11776K, 99% used [0x00000000e6500000,0x00000000e707cbb0,0x00000000e7080000)
  to   space 13312K, 0% used [0x00000000e5680000,0x00000000e5680000,0x00000000e6380000)
 ParOldGen       total 56832K, used 17964K [0x00000000a0000000, 0x00000000a3780000, 0x00000000e0000000)
  object space 56832K, 31% used [0x00000000a0000000,0x00000000a118b230,0x00000000a3780000)
 Metaspace       used 42453K, capacity 43390K, committed 43688K, reserved 1087488K
  class space    used 5746K, capacity 6023K, committed 6056K, reserved 1048576K
}
Event: 8.692 GC heap before
{Heap before GC invocations=13 (full 2):
 PSYoungGen      total 99840K, used 99826K [0x00000000e0000000, 0x00000000e7080000, 0x0000000100000000)
  eden space 88064K, 100% used [0x00000000e0000000,0x00000000e5600000,0x00000000e5600000)
  from space 11776K, 99% used [0x00000000e6500000,0x00000000e707cbb0,0x00000000e7080000)
  to   space 13312K, 0% used [0x00000000e5680000,0x00000000e5680000,0x00000000e6380000)
 ParOldGen       total 56832K, used 17964K [0x00000000a0000000, 0x00000000a3780000, 0x00000000e0000000)
  object space 56832K, 31% used [0x00000000a0000000,0x00000000a118b230,0x00000000a3780000)
 Metaspace       used 48624K, capacity 49926K, committed 49960K, reserved 1091584K
  class space    used 6582K, capacity 6946K, committed 6952K, reserved 1048576K
Event: 8.712 GC heap after
Heap after GC invocations=13 (full 2):
 PSYoungGen      total 101376K, used 10131K [0x00000000e0000000, 0x00000000e7080000, 0x0000000100000000)
  eden space 88064K, 0% used [0x00000000e0000000,0x00000000e0000000,0x00000000e5600000)
  from space 13312K, 76% used [0x00000000e5680000,0x00000000e6064ed0,0x00000000e6380000)
  to   space 11776K, 0% used [0x00000000e6500000,0x00000000e6500000,0x00000000e7080000)
 ParOldGen       total 56832K, used 21932K [0x00000000a0000000, 0x00000000a3780000, 0x00000000e0000000)
  object space 56832K, 38% used [0x00000000a0000000,0x00000000a156b028,0x00000000a3780000)
 Metaspace       used 48624K, capacity 49926K, committed 49960K, reserved 1091584K
  class space    used 6582K, capacity 6946K, committed 6952K, reserved 1048576K
}
Event: 10.527 GC heap before
{Heap before GC invocations=14 (full 2):
 PSYoungGen      total 101376K, used 98195K [0x00000000e0000000, 0x00000000e7080000, 0x0000000100000000)
  eden space 88064K, 100% used [0x00000000e0000000,0x00000000e5600000,0x00000000e5600000)
  from space 13312K, 76% used [0x00000000e5680000,0x00000000e6064ed0,0x00000000e6380000)
  to   space 11776K, 0% used [0x00000000e6500000,0x00000000e6500000,0x00000000e7080000)
 ParOldGen       total 56832K, used 21932K [0x00000000a0000000, 0x00000000a3780000, 0x00000000e0000000)
  object space 56832K, 38% used [0x00000000a0000000,0x00000000a156b028,0x00000000a3780000)
 Metaspace       used 54515K, capacity 56090K, committed 56232K, reserved 1097728K
  class space    used 7400K, capacity 7817K, committed 7848K, reserved 1048576K
Event: 10.537 GC heap after
Heap after GC invocations=14 (full 2):
 PSYoungGen      total 99840K, used 10509K [0x00000000e0000000, 0x00000000e7080000, 0x0000000100000000)
  eden space 88064K, 0% used [0x00000000e0000000,0x00000000e0000000,0x00000000e5600000)
  from space 11776K, 89% used [0x00000000e6500000,0x00000000e6f435c8,0x00000000e7080000)
  to   space 13312K, 0% used [0x00000000e5680000,0x00000000e5680000,0x00000000e6380000)
 ParOldGen       total 56832K, used 27334K [0x00000000a0000000, 0x00000000a3780000, 0x00000000e0000000)
  object space 56832K, 48% used [0x00000000a0000000,0x00000000a1ab18c8,0x00000000a3780000)
 Metaspace       used 54515K, capacity 56090K, committed 56232K, reserved 1097728K
  class space    used 7400K, capacity 7817K, committed 7848K, reserved 1048576K
}

Deoptimization events (10 events):
Event: 8.867 Thread 0x000000001a6fe800 Uncommon trap: reason=unstable_if action=reinterpret pc=0x000000000347b748 method=kotlin.reflect.jvm.internal.impl.protobuf.CodedInputStream.readRawVarint32()I @ 10
Event: 9.416 Thread 0x000000001a6fe800 Uncommon trap: reason=bimorphic action=maybe_recompile pc=0x0000000003563a4c method=groovy.lang.MetaClassImpl.filterPropertyMethod(Ljava/lang/Object;ZZ)Ljava/lang/Object; @ 38
Event: 9.472 Thread 0x000000001a6fe800 Uncommon trap: reason=unstable_if action=reinterpret pc=0x00000000035639e4 method=groovy.lang.MetaClassImpl.filterPropertyMethod(Ljava/lang/Object;ZZ)Ljava/lang/Object; @ 187
Event: 9.492 Thread 0x000000001a6fe800 Uncommon trap: reason=unstable_if action=reinterpret pc=0x00000000032fc500 method=java.lang.reflect.AccessibleObject.setAccessible0(Ljava/lang/reflect/AccessibleObject;Z)V @ 23
Event: 9.639 Thread 0x000000001a6fe800 Uncommon trap: reason=unstable_if action=reinterpret pc=0x00000000033f9fb0 method=org.codehaus.groovy.runtime.metaclass.MetaMethodIndex.addMethodToList(Ljava/lang/Object;Lgroovy/lang/MetaMethod;)Ljava/lang/Object; @ 256
Event: 9.837 Thread 0x000000001a6fe800 Uncommon trap: reason=unstable_if action=reinterpret pc=0x00000000031eaea0 method=java.io.WinNTFileSystem.normalize(Ljava/lang/String;)Ljava/lang/String; @ 74
Event: 10.439 Thread 0x000000001a6fe800 Uncommon trap: reason=bimorphic action=maybe_recompile pc=0x0000000002d85840 method=java.util.regex.Pattern$5.isSatisfiedBy(I)Z @ 16
Event: 10.439 Thread 0x000000001a6fe800 Uncommon trap: reason=bimorphic action=maybe_recompile pc=0x0000000002d85840 method=java.util.regex.Pattern$5.isSatisfiedBy(I)Z @ 16
Event: 10.439 Thread 0x000000001a6fe800 Uncommon trap: reason=bimorphic action=maybe_recompile pc=0x0000000002d85840 method=java.util.regex.Pattern$5.isSatisfiedBy(I)Z @ 16
Event: 10.439 Thread 0x000000001a6fe800 Uncommon trap: reason=bimorphic action=maybe_recompile pc=0x0000000002d85840 method=java.util.regex.Pattern$5.isSatisfiedBy(I)Z @ 16

Classes redefined (0 events):
No events

Internal exceptions (10 events):
Event: 9.899 Thread 0x000000001a6fe800 Exception <a 'java/lang/ClassNotFoundException': org/gradle/invocation/DefaultGradleBeanInfo> (0x00000000e43167a8) thrown at [D:\src\AOSP-openjdk-cygwin\jdk8u\hotspot\src\share\vm\classfile\systemDictionary.cpp, line 210]
Event: 9.900 Thread 0x000000001a6fe800 Exception <a 'java/lang/ClassNotFoundException': org/gradle/invocation/DefaultGradleCustomizer> (0x00000000e432aed0) thrown at [D:\src\AOSP-openjdk-cygwin\jdk8u\hotspot\src\share\vm\classfile\systemDictionary.cpp, line 210]
Event: 9.903 Thread 0x000000001a6fe800 Exception <a 'java/lang/ClassNotFoundException': org/gradle/invocation/DefaultGradle_DecoratedCustomizer> (0x00000000e4386578) thrown at [D:\src\AOSP-openjdk-cygwin\jdk8u\hotspot\src\share\vm\classfile\systemDictionary.cpp, line 210]
Event: 10.074 Thread 0x000000001a6fe800 Exception <a 'java/lang/NoSuchMethodError': java.lang.Object.lambda$static$0(Ljava/util/Set;Ljava/util/Set;)Z> (0x00000000e4db8bb0) thrown at [D:\src\AOSP-openjdk-cygwin\jdk8u\hotspot\src\share\vm\interpreter\linkResolver.cpp, line 620]
Event: 10.075 Thread 0x000000001a6fe800 Exception <a 'java/lang/NoSuchMethodError': java.lang.Object.lambda$static$1(Ljava/util/Set;Ljava/util/Set;)Z> (0x00000000e4dbbb20) thrown at [D:\src\AOSP-openjdk-cygwin\jdk8u\hotspot\src\share\vm\interpreter\linkResolver.cpp, line 620]
Event: 10.075 Thread 0x000000001a6fe800 Exception <a 'java/lang/NoSuchMethodError': java.lang.Object.lambda$static$2(Ljava/util/Set;Ljava/util/Set;)Z> (0x00000000e4dbe660) thrown at [D:\src\AOSP-openjdk-cygwin\jdk8u\hotspot\src\share\vm\interpreter\linkResolver.cpp, line 620]
Event: 10.076 Thread 0x000000001a6fe800 Exception <a 'java/lang/NoSuchMethodError': java.lang.Object.lambda$static$3(Ljava/util/Set;Ljava/util/Set;)Z> (0x00000000e4dc11a0) thrown at [D:\src\AOSP-openjdk-cygwin\jdk8u\hotspot\src\share\vm\interpreter\linkResolver.cpp, line 620]
Event: 10.076 Thread 0x000000001a6fe800 Exception <a 'java/lang/NoSuchMethodError': java.lang.Object.lambda$static$4(Ljava/util/Set;Ljava/util/Set;)Z> (0x00000000e4dc3ce0) thrown at [D:\src\AOSP-openjdk-cygwin\jdk8u\hotspot\src\share\vm\interpreter\linkResolver.cpp, line 620]
Event: 10.519 Thread 0x000000001a6fe800 Exception <a 'java/lang/ClassNotFoundException': com/sun/org/glassfish/hk2/osgiresourcelocator/ServiceLoader> (0x00000000e55d67c0) thrown at [D:\src\AOSP-openjdk-cygwin\jdk8u\hotspot\src\share\vm\classfile\systemDictionary.cpp, line 210]
Event: 10.568 Thread 0x000000001a6fe800 Exception <a 'java/lang/NullPointerException'> (0x00000000e04beac8) thrown at [D:\src\AOSP-openjdk-cygwin\jdk8u\hotspot\src\share\vm\interpreter\linkResolver.cpp, line 1287]

Events (10 events):
Event: 10.754 Thread 0x000000001834a000 flushing nmethod 0x00000000028a0410
Event: 10.754 Thread 0x000000001834a000 flushing nmethod 0x00000000028a2290
Event: 10.754 Thread 0x000000001834a000 flushing nmethod 0x00000000028a8710
Event: 10.754 Thread 0x000000001834a000 flushing nmethod 0x00000000028ac750
Event: 10.754 Thread 0x000000001834a000 flushing nmethod 0x00000000028b7510
Event: 10.755 Thread 0x000000001834a000 flushing nmethod 0x00000000028d7ad0
Event: 10.755 Thread 0x000000001834a000 flushing nmethod 0x00000000028de550
Event: 10.755 Thread 0x000000001834a000 flushing nmethod 0x00000000028f0150
Event: 10.755 Thread 0x000000001834a000 flushing nmethod 0x00000000028f2490
Event: 10.755 Thread 0x000000001834a000 flushing nmethod 0x00000000028f7490


Dynamic libraries:
0x00007ff6cf6c0000 - 0x00007ff6cf6f1000 	C:\Program Files\Android\Android Studio\jre\bin\java.exe
0x00007ffba7370000 - 0x00007ffba7564000 	C:\WINDOWS\SYSTEM32\ntdll.dll
0x00007ffba6710000 - 0x00007ffba67cd000 	C:\WINDOWS\System32\KERNEL32.DLL
0x00007ffba4af0000 - 0x00007ffba4db7000 	C:\WINDOWS\System32\KERNELBASE.dll
0x00007ffba5fb0000 - 0x00007ffba605a000 	C:\WINDOWS\System32\ADVAPI32.dll
0x00007ffba5c80000 - 0x00007ffba5d1e000 	C:\WINDOWS\System32\msvcrt.dll
0x00007ffba6930000 - 0x00007ffba69cb000 	C:\WINDOWS\System32\sechost.dll
0x00007ffba53e0000 - 0x00007ffba5503000 	C:\WINDOWS\System32\RPCRT4.dll
0x00007ffba6170000 - 0x00007ffba6310000 	C:\WINDOWS\System32\USER32.dll
0x00007ffba4ac0000 - 0x00007ffba4ae2000 	C:\WINDOWS\System32\win32u.dll
0x00007ffba5c50000 - 0x00007ffba5c7a000 	C:\WINDOWS\System32\GDI32.dll
0x00007ffba4df0000 - 0x00007ffba4ef9000 	C:\WINDOWS\System32\gdi32full.dll
0x00007ffba5260000 - 0x00007ffba52fd000 	C:\WINDOWS\System32\msvcp_win.dll
0x00007ffba5160000 - 0x00007ffba5260000 	C:\WINDOWS\System32\ucrtbase.dll
0x00007ffb8e080000 - 0x00007ffb8e31a000 	C:\WINDOWS\WinSxS\amd64_microsoft.windows.common-controls_6595b64144ccf1df_6.0.19041.1_none_b555e41d4684ddec\COMCTL32.dll
0x00007ffba6b20000 - 0x00007ffba6b50000 	C:\WINDOWS\System32\IMM32.DLL
0x000000006c0c0000 - 0x000000006c192000 	C:\Program Files\Android\Android Studio\jre\jre\bin\msvcr100.dll
0x000000006c1a0000 - 0x000000006c9e6000 	C:\Program Files\Android\Android Studio\jre\jre\bin\server\jvm.dll
0x00007ffba6b50000 - 0x00007ffba6b58000 	C:\WINDOWS\System32\PSAPI.DLL
0x00007ffb90330000 - 0x00007ffb90357000 	C:\WINDOWS\SYSTEM32\WINMM.dll
0x00007ffb91dc0000 - 0x00007ffb91dc9000 	C:\WINDOWS\SYSTEM32\WSOCK32.dll
0x00007ffb9a1e0000 - 0x00007ffb9a1ea000 	C:\WINDOWS\SYSTEM32\VERSION.dll
0x00007ffba67e0000 - 0x00007ffba684b000 	C:\WINDOWS\System32\WS2_32.dll
0x00007ffb9ee40000 - 0x00007ffb9ee4f000 	C:\Program Files\Android\Android Studio\jre\jre\bin\verify.dll
0x00007ffb93e40000 - 0x00007ffb93e69000 	C:\Program Files\Android\Android Studio\jre\jre\bin\java.dll
0x00007ffb9dbc0000 - 0x00007ffb9dbd6000 	C:\Program Files\Android\Android Studio\jre\jre\bin\zip.dll
0x00007ffba5510000 - 0x00007ffba5c41000 	C:\WINDOWS\System32\SHELL32.dll
0x00007ffba2ce0000 - 0x00007ffba346a000 	C:\WINDOWS\SYSTEM32\windows.storage.dll
0x00007ffba6390000 - 0x00007ffba66e4000 	C:\WINDOWS\System32\combase.dll
0x00007ffba4470000 - 0x00007ffba449b000 	C:\WINDOWS\SYSTEM32\Wldp.dll
0x00007ffba6bc0000 - 0x00007ffba6c6e000 	C:\WINDOWS\System32\SHCORE.dll
0x00007ffba6b60000 - 0x00007ffba6bb5000 	C:\WINDOWS\System32\shlwapi.dll
0x00007ffba4a00000 - 0x00007ffba4a1f000 	C:\WINDOWS\SYSTEM32\profapi.dll
0x00007ffb9bb80000 - 0x00007ffb9bb9a000 	C:\Program Files\Android\Android Studio\jre\jre\bin\net.dll
0x00007ffb9a3f0000 - 0x00007ffb9a5dd000 	C:\WINDOWS\SYSTEM32\urlmon.dll
0x00007ffb9b2e0000 - 0x00007ffb9b58e000 	C:\WINDOWS\SYSTEM32\iertutil.dll
0x00007ffba41f0000 - 0x00007ffba425a000 	C:\WINDOWS\system32\mswsock.dll
0x00007ffb94770000 - 0x00007ffb94783000 	C:\Program Files\Android\Android Studio\jre\jre\bin\nio.dll
0x00007ffb8dea0000 - 0x00007ffb8dec6000 	C:\Users\USUARIO\.gradle\native\29\windows-amd64\native-platform.dll
0x00007ffb9e620000 - 0x00007ffb9e62d000 	C:\Program Files\Android\Android Studio\jre\jre\bin\management.dll
0x00007ffba43c0000 - 0x00007ffba43d8000 	C:\WINDOWS\SYSTEM32\CRYPTSP.dll
0x00007ffba3b80000 - 0x00007ffba3bb4000 	C:\WINDOWS\system32\rsaenh.dll
0x00007ffba4dc0000 - 0x00007ffba4de7000 	C:\WINDOWS\System32\bcrypt.dll
0x00007ffba49c0000 - 0x00007ffba49ee000 	C:\WINDOWS\SYSTEM32\USERENV.dll
0x00007ffba5300000 - 0x00007ffba537f000 	C:\WINDOWS\System32\bcryptprimitives.dll
0x00007ffba43e0000 - 0x00007ffba43ec000 	C:\WINDOWS\SYSTEM32\CRYPTBASE.dll
0x00007ffba3ee0000 - 0x00007ffba3f1b000 	C:\WINDOWS\SYSTEM32\IPHLPAPI.DLL
0x00007ffba67d0000 - 0x00007ffba67d9000 	C:\WINDOWS\System32\NSI.dll
0x00007ffb9ea10000 - 0x00007ffb9ea27000 	C:\WINDOWS\SYSTEM32\dhcpcsvc6.DLL
0x00007ffb9ea70000 - 0x00007ffb9ea8d000 	C:\WINDOWS\SYSTEM32\dhcpcsvc.DLL
0x00007ffba3f20000 - 0x00007ffba3fea000 	C:\WINDOWS\SYSTEM32\DNSAPI.dll

VM Arguments:
jvm_args: -Xmx1536m -Dfile.encoding=windows-1252 -Duser.country=CO -Duser.language=es -Duser.variant 
java_command: org.gradle.launcher.daemon.bootstrap.GradleDaemon 5.4.1
java_class_path (initial): C:\Users\USUARIO\.gradle\wrapper\dists\gradle-5.4.1-all\3221gyojl5jsh0helicew7rwx\gradle-5.4.1\lib\gradle-launcher-5.4.1.jar
Launcher Type: SUN_STANDARD

Environment Variables:
PATH=C:\Program Files (x86)\Common Files\Oracle\Java\javapath;C:\Windows\system32;C:\Program Files (x86)\Intel\Intel(R) Management Engine Components\iCLS\;C:\Program Files\Intel\Intel(R) Management Engine Components\iCLS\;C:\Windows;C:\Windows\System32\Wbem;C:\Windows\System32\WindowsPowerShell\v1.0\;C:\Windows\System32\OpenSSH\;C:\Program Files (x86)\Intel\Intel(R) Management Engine Components\DAL;C:\Program Files\Intel\Intel(R) Management Engine Components\DAL;C:\Program Files (x86)\Intel\Intel(R) Management Engine Components\IPT;C:\Program Files\Intel\Intel(R) Management Engine Components\IPT;C:\Program Files\Git\cmd;C:\Program Files\nodejs\;C:\Users\USUARIO\.dnx\bin;C:\Program Files\Microsoft DNX\Dnvm\;C:\Program Files\Microsoft SQL Server\120\Tools\Binn\;C:\Program Files\Microsoft SQL Server\130\Tools\Binn\;C:\Program Files (x86)\Windows Kits\10\Windows Performance Toolkit\;C:\Program Files (x86)\Microsoft SQL Server\150\DTS\Binn\;C:\Program Files\Microsoft SQL Server\Client SDK\ODBC\130\Tools\Binn\;C:\Progra;%SystemRoot%\system32;%SystemRoot%;%SystemRoot%\System32\Wbem;%SYSTEMROOT%\System32\WindowsPowerShell\v1.0\;%SYSTEMROOT%\System32\OpenSSH\;C:\Users\USUARIO\AppData\Local\Microsoft\WindowsApps;C:\Users\USUARIO\AppData\Local\Programs\Microsoft VS Code\bin;C:\Users\USUARIO\AppData\Roaming\npm;C:\Users\USUARIO\AppData\Local\GitHubDesktop\bin
USERNAME=USUARIO
OS=Windows_NT
PROCESSOR_IDENTIFIER=Intel64 Family 6 Model 142 Stepping 10, GenuineIntel



---------------  S Y S T E M  ---------------

OS: Windows 10.0 , 64 bit Build 19041 (10.0.19041.207)

CPU:total 8 (initial active 8) (4 cores per cpu, 2 threads per core) family 6 model 142 stepping 10, cmov, cx8, fxsr, mmx, sse, sse2, sse3, ssse3, sse4.1, sse4.2, popcnt, avx, avx2, aes, clmul, erms, 3dnowpref, lzcnt, ht, tsc, tscinvbit, bmi1, bmi2, adx

Memory: 4k page, physical 8259148k(2476900k free), swap 13379148k(3264k free)

vm_info: OpenJDK 64-Bit Server VM (25.212-b04) for windows-amd64 JRE (1.8.0_212-release-1586-b04), built by "builder" with MS VC++ 10.0 (VS2010)

time: Thu May 28 22:31:28 2020
timezone: Hora est. Pacífico, Sudamérica
elapsed time: 10 seconds (0d 0h 0m 10s)

