#
# There is insufficient memory for the Java Runtime Environment to continue.
# Native memory allocation (malloc) failed to allocate 131088 bytes for Chunk::new
# Possible reasons:
#   The system is out of physical RAM or swap space
#   The process is running with CompressedOops enabled, and the Java Heap may be blocking the growth of the native heap
# Possible solutions:
#   Reduce memory load on the system
#   Increase physical memory or swap space
#   Check if swap backing store is full
#   Decrease Java heap size (-Xmx/-Xms)
#   Decrease number of Java threads
#   Decrease Java thread stack sizes (-Xss)
#   Set larger code cache with -XX:ReservedCodeCacheSize=
#   JVM is running with Unscaled Compressed Oops mode in which the Java heap is
#     placed in the first 4GB address space. The Java Heap base address is the
#     maximum limit for the native heap growth. Please use -XX:HeapBaseMinAddress
#     to set the Java Heap base and to place the Java Heap above 4GB virtual address.
# This output file may be truncated or incomplete.
#
#  Out of Memory Error (allocation.cpp:389), pid=22624, tid=0x0000000000003874
#
# JRE version: OpenJDK Runtime Environment (8.0_212-b04) (build 1.8.0_212-release-1586-b04)
# Java VM: OpenJDK 64-Bit Server VM (25.212-b04 mixed mode windows-amd64 compressed oops)
# Failed to write core dump. Minidumps are not enabled by default on client versions of Windows
#

---------------  T H R E A D  ---------------

Current thread (0x0000000018b25800):  JavaThread "C2 CompilerThread0" daemon [_thread_in_native, id=14452, stack(0x0000000019410000,0x0000000019510000)]

Stack: [0x0000000019410000,0x0000000019510000]
[error occurred during error reporting (printing stack bounds), id 0xc0000005]

Native frames: (J=compiled Java code, j=interpreted, Vv=VM code, C=native code)


Current CompileTask:
C2:  13650 4033   !   4       com.sun.beans.TypeResolver::resolve (274 bytes)


---------------  P R O C E S S  ---------------

Java Threads: ( => current thread )
  0x000000001dfaf800 JavaThread "Cache worker for Build Output Cleanup Cache (C:\Users\USUARIO\Desktop\TrasteosMedellin\.gradle\buildOutputCleanup)" [_thread_blocked, id=5068, stack(0x0000000023e00000,0x0000000023f00000)]
  0x000000001dfaf000 JavaThread "pool-1-thread-1" [_thread_blocked, id=27232, stack(0x0000000023b00000,0x0000000023c00000)]
  0x000000001a198800 JavaThread "Build operations Thread 8" [_thread_blocked, id=17680, stack(0x0000000023600000,0x0000000023700000)]
  0x000000001a195800 JavaThread "Build operations Thread 7" [_thread_blocked, id=11172, stack(0x0000000023500000,0x0000000023600000)]
  0x000000001a196800 JavaThread "Build operations Thread 6" [_thread_blocked, id=19596, stack(0x0000000023400000,0x0000000023500000)]
  0x000000001a19a000 JavaThread "Build operations Thread 5" [_thread_blocked, id=24984, stack(0x0000000023300000,0x0000000023400000)]
  0x000000001a19c800 JavaThread "Build operations Thread 4" [_thread_blocked, id=4768, stack(0x0000000023200000,0x0000000023300000)]
  0x000000001a19b000 JavaThread "Build operations Thread 3" [_thread_blocked, id=23980, stack(0x0000000021e50000,0x0000000021f50000)]
  0x000000001a197000 JavaThread "Build operations Thread 2" [_thread_blocked, id=11056, stack(0x0000000021d50000,0x0000000021e50000)]
  0x000000001a19b800 JavaThread "Build operations" [_thread_blocked, id=15544, stack(0x0000000021c50000,0x0000000021d50000)]
  0x000000001a199800 JavaThread "Cache worker for execution history cache (C:\Users\USUARIO\.gradle\caches\5.4.1\executionHistory)" [_thread_blocked, id=16828, stack(0x0000000021950000,0x0000000021a50000)]
  0x000000001a198000 JavaThread "Cache worker for cache directory md-rule (C:\Users\USUARIO\.gradle\caches\5.4.1\md-rule)" [_thread_blocked, id=22548, stack(0x0000000021850000,0x0000000021950000)]
  0x0000000019c7d800 JavaThread "Cache worker for cache directory md-supplier (C:\Users\USUARIO\.gradle\caches\5.4.1\md-supplier)" [_thread_blocked, id=17640, stack(0x0000000020500000,0x0000000020600000)]
  0x0000000019c80000 JavaThread "Cache worker for file hash cache (C:\Users\USUARIO\Desktop\TrasteosMedellin\.gradle\5.4.1\fileHashes)" [_thread_blocked, id=9456, stack(0x000000001fc00000,0x000000001fd00000)]
  0x0000000019c7e800 JavaThread "Cache worker for journal cache (C:\Users\USUARIO\.gradle\caches\journal-1)" [_thread_blocked, id=13136, stack(0x000000001c790000,0x000000001c890000)]
  0x0000000019c7f000 JavaThread "File lock request listener" [_thread_in_native, id=15840, stack(0x000000001c690000,0x000000001c790000)]
  0x000000001b0ed800 JavaThread "Cache worker for file hash cache (C:\Users\USUARIO\.gradle\caches\5.4.1\fileHashes)" [_thread_blocked, id=17784, stack(0x000000001c590000,0x000000001c690000)]
  0x000000001aea7000 JavaThread "Thread-9" [_thread_blocked, id=2068, stack(0x000000001c490000,0x000000001c590000)]
  0x000000001aea6000 JavaThread "Stdin handler" [_thread_blocked, id=1860, stack(0x000000001c390000,0x000000001c490000)]
  0x000000001ad03800 JavaThread "Asynchronous log dispatcher for DefaultDaemonConnection: socket connection from /127.0.0.1:49513 to /127.0.0.1:49514" [_thread_blocked, id=740, stack(0x000000001c190000,0x000000001c290000)]
  0x000000001aea0800 JavaThread "Daemon worker" [_thread_in_native, id=17224, stack(0x000000001c090000,0x000000001c190000)]
  0x000000001ae9f800 JavaThread "Cancel handler" [_thread_blocked, id=25580, stack(0x000000001bf90000,0x000000001c090000)]
  0x000000001a430000 JavaThread "Handler for socket connection from /127.0.0.1:49513 to /127.0.0.1:49514" [_thread_in_native, id=11492, stack(0x000000001bc90000,0x000000001bd90000)]
  0x0000000019cd6800 JavaThread "Daemon" [_thread_blocked, id=18428, stack(0x000000001bb90000,0x000000001bc90000)]
  0x0000000019c72000 JavaThread "Daemon periodic checks" [_thread_blocked, id=8600, stack(0x000000001ba90000,0x000000001bb90000)]
  0x0000000019c70000 JavaThread "Incoming local TCP Connector on port 49513" [_thread_in_native, id=4764, stack(0x000000001b820000,0x000000001b920000)]
  0x000000001ab56800 JavaThread "Daemon health stats" [_thread_blocked, id=12096, stack(0x000000001b1e0000,0x000000001b2e0000)]
  0x0000000018baf000 JavaThread "Service Thread" daemon [_thread_blocked, id=25996, stack(0x0000000019810000,0x0000000019910000)]
  0x0000000018b2e000 JavaThread "C1 CompilerThread3" daemon [_thread_blocked, id=10376, stack(0x0000000019710000,0x0000000019810000)]
  0x0000000018b1c800 JavaThread "C2 CompilerThread2" daemon [_thread_in_native, id=25472, stack(0x0000000019610000,0x0000000019710000)]
  0x0000000018b16000 JavaThread "C2 CompilerThread1" daemon [_thread_blocked, id=23316, stack(0x0000000019510000,0x0000000019610000)]
=>0x0000000018b25800 JavaThread "C2 CompilerThread0" daemon [_thread_in_native, id=14452, stack(0x0000000019410000,0x0000000019510000)]
  0x0000000018b24800 JavaThread "Attach Listener" daemon [_thread_blocked, id=404, stack(0x0000000019310000,0x0000000019410000)]
  0x0000000018b21800 JavaThread "Signal Dispatcher" daemon [_thread_blocked, id=11912, stack(0x0000000019210000,0x0000000019310000)]
  0x0000000002f49800 JavaThread "Finalizer" daemon [_thread_blocked, id=8812, stack(0x0000000018ff0000,0x00000000190f0000)]
  0x0000000018b10800 JavaThread "Reference Handler" daemon [_thread_blocked, id=13296, stack(0x0000000018ef0000,0x0000000018ff0000)]
  0x0000000002e52800 JavaThread "main" [_thread_blocked, id=21784, stack(0x0000000002d50000,0x0000000002e50000)]

Other Threads:
  0x0000000016d06000 VMThread [stack: 0x00000000189f0000,0x0000000018af0000] [id=12088]
  0x0000000018baf800 WatcherThread [stack: 0x0000000019910000,0x0000000019a10000] [id=23104]

VM state:not at safepoint (normal execution)

VM Mutex/Monitor currently owned by a thread: None

heap address: 0x00000000a0000000, size: 1536 MB, Compressed Oops mode: 32-bit
Narrow klass base: 0x0000000000000000, Narrow klass shift: 3
Compressed class space size: 1073741824 Address: 0x0000000100000000

Heap:
 PSYoungGen      total 99840K, used 60668K [0x00000000e0000000, 0x00000000e8e80000, 0x0000000100000000)
  eden space 88064K, 55% used [0x00000000e0000000,0x00000000e2fc22c0,0x00000000e5600000)
  from space 11776K, 99% used [0x00000000e6400000,0x00000000e6f7d090,0x00000000e6f80000)
  to   space 14336K, 0% used [0x00000000e5600000,0x00000000e5600000,0x00000000e6400000)
 ParOldGen       total 65536K, used 17291K [0x00000000a0000000, 0x00000000a4000000, 0x00000000e0000000)
  object space 65536K, 26% used [0x00000000a0000000,0x00000000a10e2c88,0x00000000a4000000)
 Metaspace       used 46722K, capacity 47892K, committed 48168K, reserved 1091584K
  class space    used 6298K, capacity 6623K, committed 6696K, reserved 1048576K

Card table byte_map: [0x0000000012310000,0x0000000012620000] byte_map_base: 0x0000000011e10000

Marking Bits: (ParMarkBitMap*) 0x000000006c969f30
 Begin Bits: [0x0000000013020000, 0x0000000014820000)
 End Bits:   [0x0000000014820000, 0x0000000016020000)

Polling page: 0x0000000000be0000

CodeCache: size=245760Kb used=13177Kb max_used=13177Kb free=232582Kb
 bounds [0x0000000002f50000, 0x0000000003c40000, 0x0000000011f50000]
 total_blobs=4617 nmethods=3856 adapters=674
 compilation: enabled

Compilation events (10 events):
Event: 13.510 Thread 0x0000000018b2e000 4160       3       java.lang.invoke.MethodType::methodType (7 bytes)
Event: 13.510 Thread 0x0000000018b2e000 nmethod 4160 0x0000000003c30f50 code [0x0000000003c310c0, 0x0000000003c31228]
Event: 13.511 Thread 0x0000000018b2e000 4161       3       java.lang.invoke.MethodHandles$Lookup::getDirectMethodCommon (271 bytes)
Event: 13.513 Thread 0x0000000018b2e000 nmethod 4161 0x0000000003c34210 code [0x0000000003c34520, 0x0000000003c35f98]
Event: 13.513 Thread 0x0000000018b2e000 4162       3       java.lang.invoke.MethodHandles$Lookup::checkMethod (83 bytes)
Event: 13.513 Thread 0x0000000018b2e000 nmethod 4162 0x0000000003c368d0 code [0x0000000003c36aa0, 0x0000000003c374d8]
Event: 13.513 Thread 0x0000000018b2e000 4163       3       java.lang.invoke.MethodHandles$Lookup::maybeBindCaller (44 bytes)
Event: 13.514 Thread 0x0000000018b2e000 nmethod 4163 0x0000000003c37850 code [0x0000000003c37a20, 0x0000000003c38398]
Event: 13.519 Thread 0x0000000018b2e000 4164       3       java.lang.invoke.AbstractValidatingLambdaMetafactory::isAdaptableTo (126 bytes)
Event: 13.520 Thread 0x0000000018b2e000 nmethod 4164 0x0000000003c38750 code [0x0000000003c389c0, 0x0000000003c398c8]

GC Heap History (10 events):
Event: 7.841 GC heap before
{Heap before GC invocations=8 (full 1):
 PSYoungGen      total 65024K, used 65023K [0x00000000e0000000, 0x00000000e7900000, 0x0000000100000000)
  eden space 59904K, 100% used [0x00000000e0000000,0x00000000e3a80000,0x00000000e3a80000)
  from space 5120K, 99% used [0x00000000e4600000,0x00000000e4affdc0,0x00000000e4b00000)
  to   space 11776K, 0% used [0x00000000e3a80000,0x00000000e3a80000,0x00000000e4600000)
 ParOldGen       total 65536K, used 13805K [0x00000000a0000000, 0x00000000a4000000, 0x00000000e0000000)
  object space 65536K, 21% used [0x00000000a0000000,0x00000000a0d7b4a0,0x00000000a4000000)
 Metaspace       used 31905K, capacity 32464K, committed 32768K, reserved 1077248K
  class space    used 4403K, capacity 4585K, committed 4608K, reserved 1048576K
Event: 7.853 GC heap after
Heap after GC invocations=8 (full 1):
 PSYoungGen      total 71680K, used 8204K [0x00000000e0000000, 0x00000000e6f80000, 0x0000000100000000)
  eden space 59904K, 0% used [0x00000000e0000000,0x00000000e0000000,0x00000000e3a80000)
  from space 11776K, 69% used [0x00000000e3a80000,0x00000000e4283378,0x00000000e4600000)
  to   space 11776K, 0% used [0x00000000e6400000,0x00000000e6400000,0x00000000e6f80000)
 ParOldGen       total 65536K, used 13813K [0x00000000a0000000, 0x00000000a4000000, 0x00000000e0000000)
  object space 65536K, 21% used [0x00000000a0000000,0x00000000a0d7d4a0,0x00000000a4000000)
 Metaspace       used 31905K, capacity 32464K, committed 32768K, reserved 1077248K
  class space    used 4403K, capacity 4585K, committed 4608K, reserved 1048576K
}
Event: 9.792 GC heap before
{Heap before GC invocations=9 (full 1):
 PSYoungGen      total 71680K, used 68108K [0x00000000e0000000, 0x00000000e6f80000, 0x0000000100000000)
  eden space 59904K, 100% used [0x00000000e0000000,0x00000000e3a80000,0x00000000e3a80000)
  from space 11776K, 69% used [0x00000000e3a80000,0x00000000e4283378,0x00000000e4600000)
  to   space 11776K, 0% used [0x00000000e6400000,0x00000000e6400000,0x00000000e6f80000)
 ParOldGen       total 65536K, used 13813K [0x00000000a0000000, 0x00000000a4000000, 0x00000000e0000000)
  object space 65536K, 21% used [0x00000000a0000000,0x00000000a0d7d4a0,0x00000000a4000000)
 Metaspace       used 34508K, capacity 35314K, committed 35496K, reserved 1079296K
  class space    used 4766K, capacity 4994K, committed 5032K, reserved 1048576K
Event: 9.808 GC heap after
Heap after GC invocations=9 (full 1):
 PSYoungGen      total 100864K, used 11153K [0x00000000e0000000, 0x00000000e7000000, 0x0000000100000000)
  eden space 89088K, 0% used [0x00000000e0000000,0x00000000e0000000,0x00000000e5700000)
  from space 11776K, 94% used [0x00000000e6400000,0x00000000e6ee47f8,0x00000000e6f80000)
  to   space 12800K, 0% used [0x00000000e5700000,0x00000000e5700000,0x00000000e6380000)
 ParOldGen       total 65536K, used 13821K [0x00000000a0000000, 0x00000000a4000000, 0x00000000e0000000)
  object space 65536K, 21% used [0x00000000a0000000,0x00000000a0d7f4a0,0x00000000a4000000)
 Metaspace       used 34508K, capacity 35314K, committed 35496K, reserved 1079296K
  class space    used 4766K, capacity 4994K, committed 5032K, reserved 1048576K
}
Event: 9.964 GC heap before
{Heap before GC invocations=10 (full 1):
 PSYoungGen      total 100864K, used 13013K [0x00000000e0000000, 0x00000000e7000000, 0x0000000100000000)
  eden space 89088K, 2% used [0x00000000e0000000,0x00000000e01d0e40,0x00000000e5700000)
  from space 11776K, 94% used [0x00000000e6400000,0x00000000e6ee47f8,0x00000000e6f80000)
  to   space 12800K, 0% used [0x00000000e5700000,0x00000000e5700000,0x00000000e6380000)
 ParOldGen       total 65536K, used 13821K [0x00000000a0000000, 0x00000000a4000000, 0x00000000e0000000)
  object space 65536K, 21% used [0x00000000a0000000,0x00000000a0d7f4a0,0x00000000a4000000)
 Metaspace       used 34572K, capacity 35394K, committed 35496K, reserved 1079296K
  class space    used 4775K, capacity 5002K, committed 5032K, reserved 1048576K
Event: 9.974 GC heap after
Heap after GC invocations=10 (full 1):
 PSYoungGen      total 101888K, used 9015K [0x00000000e0000000, 0x00000000e7000000, 0x0000000100000000)
  eden space 89088K, 0% used [0x00000000e0000000,0x00000000e0000000,0x00000000e5700000)
  from space 12800K, 70% used [0x00000000e5700000,0x00000000e5fcdd68,0x00000000e6380000)
  to   space 11776K, 0% used [0x00000000e6400000,0x00000000e6400000,0x00000000e6f80000)
 ParOldGen       total 65536K, used 13829K [0x00000000a0000000, 0x00000000a4000000, 0x00000000e0000000)
  object space 65536K, 21% used [0x00000000a0000000,0x00000000a0d814a0,0x00000000a4000000)
 Metaspace       used 34572K, capacity 35394K, committed 35496K, reserved 1079296K
  class space    used 4775K, capacity 5002K, committed 5032K, reserved 1048576K
}
Event: 9.974 GC heap before
{Heap before GC invocations=11 (full 2):
 PSYoungGen      total 101888K, used 9015K [0x00000000e0000000, 0x00000000e7000000, 0x0000000100000000)
  eden space 89088K, 0% used [0x00000000e0000000,0x00000000e0000000,0x00000000e5700000)
  from space 12800K, 70% used [0x00000000e5700000,0x00000000e5fcdd68,0x00000000e6380000)
  to   space 11776K, 0% used [0x00000000e6400000,0x00000000e6400000,0x00000000e6f80000)
 ParOldGen       total 65536K, used 13829K [0x00000000a0000000, 0x00000000a4000000, 0x00000000e0000000)
  object space 65536K, 21% used [0x00000000a0000000,0x00000000a0d814a0,0x00000000a4000000)
 Metaspace       used 34572K, capacity 35394K, committed 35496K, reserved 1079296K
  class space    used 4775K, capacity 5002K, committed 5032K, reserved 1048576K
Event: 10.096 GC heap after
Heap after GC invocations=11 (full 2):
 PSYoungGen      total 101888K, used 0K [0x00000000e0000000, 0x00000000e7000000, 0x0000000100000000)
  eden space 89088K, 0% used [0x00000000e0000000,0x00000000e0000000,0x00000000e5700000)
  from space 12800K, 0% used [0x00000000e5700000,0x00000000e5700000,0x00000000e6380000)
  to   space 11776K, 0% used [0x00000000e6400000,0x00000000e6400000,0x00000000e6f80000)
 ParOldGen       total 65536K, used 15898K [0x00000000a0000000, 0x00000000a4000000, 0x00000000e0000000)
  object space 65536K, 24% used [0x00000000a0000000,0x00000000a0f86ab0,0x00000000a4000000)
 Metaspace       used 34546K, capacity 35304K, committed 35496K, reserved 1079296K
  class space    used 4767K, capacity 4987K, committed 5032K, reserved 1048576K
}
Event: 12.737 GC heap before
{Heap before GC invocations=12 (full 2):
 PSYoungGen      total 101888K, used 88622K [0x00000000e0000000, 0x00000000e7000000, 0x0000000100000000)
  eden space 89088K, 99% used [0x00000000e0000000,0x00000000e568ba20,0x00000000e5700000)
  from space 12800K, 0% used [0x00000000e5700000,0x00000000e5700000,0x00000000e6380000)
  to   space 11776K, 0% used [0x00000000e6400000,0x00000000e6400000,0x00000000e6f80000)
 ParOldGen       total 65536K, used 15898K [0x00000000a0000000, 0x00000000a4000000, 0x00000000e0000000)
  object space 65536K, 24% used [0x00000000a0000000,0x00000000a0f86ab0,0x00000000a4000000)
 Metaspace       used 44218K, capacity 45244K, committed 45480K, reserved 1089536K
  class space    used 5971K, capacity 6252K, committed 6312K, reserved 1048576K
Event: 12.748 GC heap after
Heap after GC invocations=12 (full 2):
 PSYoungGen      total 99840K, used 11764K [0x00000000e0000000, 0x00000000e8e80000, 0x0000000100000000)
  eden space 88064K, 0% used [0x00000000e0000000,0x00000000e0000000,0x00000000e5600000)
  from space 11776K, 99% used [0x00000000e6400000,0x00000000e6f7d090,0x00000000e6f80000)
  to   space 14336K, 0% used [0x00000000e5600000,0x00000000e5600000,0x00000000e6400000)
 ParOldGen       total 65536K, used 17291K [0x00000000a0000000, 0x00000000a4000000, 0x00000000e0000000)
  object space 65536K, 26% used [0x00000000a0000000,0x00000000a10e2c88,0x00000000a4000000)
 Metaspace       used 44218K, capacity 45244K, committed 45480K, reserved 1089536K
  class space    used 5971K, capacity 6252K, committed 6312K, reserved 1048576K
}

Deoptimization events (10 events):
Event: 12.238 Thread 0x000000001aea0800 Uncommon trap: reason=unstable_if action=reinterpret pc=0x00000000037dcd28 method=org.objectweb.asm.ByteVector.putUTF8(Ljava/lang/String;)Lorg/objectweb/asm/ByteVector; @ 93
Event: 12.419 Thread 0x000000001aea0800 Uncommon trap: reason=unstable_if action=reinterpret pc=0x00000000035b6130 method=org.objectweb.asm.ByteVector.putUTF8(Ljava/lang/String;)Lorg/objectweb/asm/ByteVector; @ 93
Event: 12.931 Thread 0x000000001aea0800 Uncommon trap: reason=unstable_if action=reinterpret pc=0x0000000003808320 method=org.gradle.internal.reflect.PropertyAccessorType.of(Ljava/lang/reflect/Method;)Lorg/gradle/internal/reflect/PropertyAccessorType; @ 56
Event: 13.046 Thread 0x000000001aea0800 Uncommon trap: reason=class_check action=maybe_recompile pc=0x0000000003a660b0 method=org.codehaus.groovy.reflection.ParameterTypes.getParametersTypes0()V @ 16
Event: 13.105 Thread 0x000000001aea0800 Uncommon trap: reason=unstable_if action=reinterpret pc=0x0000000003bbb660 method=org.codehaus.groovy.runtime.metaclass.MetaMethodIndex.isNonRealMethod(Lgroovy/lang/MetaMethod;)Z @ 4
Event: 13.105 Thread 0x000000001aea0800 Uncommon trap: reason=unstable_if action=reinterpret pc=0x0000000003aa0690 method=groovy.lang.MetaClassImpl$1MOPIter.methodNameAction(Ljava/lang/Class;Lorg/codehaus/groovy/runtime/metaclass/MetaMethodIndex$Entry;)V @ 182
Event: 13.111 Thread 0x000000001aea0800 Uncommon trap: reason=class_check action=maybe_recompile pc=0x0000000003a660b0 method=org.codehaus.groovy.reflection.ParameterTypes.getParametersTypes0()V @ 16
Event: 13.131 Thread 0x000000001aea0800 Uncommon trap: reason=unstable_if action=reinterpret pc=0x0000000003b88288 method=java.lang.ClassLoader.checkCerts(Ljava/lang/String;Ljava/security/CodeSource;)V @ 29
Event: 13.305 Thread 0x000000001aea0800 Uncommon trap: reason=unstable_if action=reinterpret pc=0x0000000003a7e94c method=java.util.WeakHashMap.put(Ljava/lang/Object;Ljava/lang/Object;)Ljava/lang/Object; @ 59
Event: 13.455 Thread 0x000000001aea0800 Uncommon trap: reason=unstable_if action=reinterpret pc=0x0000000003b44d30 method=org.gradle.internal.instantiation.AbstractClassGenerator$InjectionAnnotationValidator.validateMethod(Ljava/lang/reflect/Method;Lorg/gradle/internal/reflect/PropertyAccessorT

Classes redefined (0 events):
No events

Internal exceptions (10 events):
Event: 13.317 Thread 0x000000001aea0800 Exception <a 'java/lang/ClassNotFoundException': build_6vjgzku729mrwxvpngd2b9f2b$_run_closure1BeanInfo> (0x00000000e25cb5a0) thrown at [D:\src\AOSP-openjdk-cygwin\jdk8u\hotspot\src\share\vm\classfile\systemDictionary.cpp, line 210]
Event: 13.318 Thread 0x000000001aea0800 Exception <a 'java/lang/ClassNotFoundException': build_6vjgzku729mrwxvpngd2b9f2b$_run_closure1Customizer> (0x00000000e25dc970) thrown at [D:\src\AOSP-openjdk-cygwin\jdk8u\hotspot\src\share\vm\classfile\systemDictionary.cpp, line 210]
Event: 13.338 Thread 0x000000001aea0800 Exception <a 'java/lang/ClassNotFoundException': org/gradle/api/internal/file/collections/DefaultConfigurableFileTreeBeanInfo> (0x00000000e277e6c8) thrown at [D:\src\AOSP-openjdk-cygwin\jdk8u\hotspot\src\share\vm\classfile\systemDictionary.cpp, line 210]
Event: 13.339 Thread 0x000000001aea0800 Exception <a 'java/lang/ClassNotFoundException': org/gradle/api/internal/file/CompositeFileTreeBeanInfo> (0x00000000e27b2490) thrown at [D:\src\AOSP-openjdk-cygwin\jdk8u\hotspot\src\share\vm\classfile\systemDictionary.cpp, line 210]
Event: 13.340 Thread 0x000000001aea0800 Exception <a 'java/lang/ClassNotFoundException': org/gradle/api/internal/file/CompositeFileCollectionBeanInfo> (0x00000000e27ea110) thrown at [D:\src\AOSP-openjdk-cygwin\jdk8u\hotspot\src\share\vm\classfile\systemDictionary.cpp, line 210]
Event: 13.342 Thread 0x000000001aea0800 Exception <a 'java/lang/ClassNotFoundException': org/gradle/api/internal/file/AbstractFileCollectionBeanInfo> (0x00000000e2821f20) thrown at [D:\src\AOSP-openjdk-cygwin\jdk8u\hotspot\src\share\vm\classfile\systemDictionary.cpp, line 210]
Event: 13.343 Thread 0x000000001aea0800 Exception <a 'java/lang/ClassNotFoundException': org/gradle/api/internal/file/AbstractFileCollectionCustomizer> (0x00000000e285a7d0) thrown at [D:\src\AOSP-openjdk-cygwin\jdk8u\hotspot\src\share\vm\classfile\systemDictionary.cpp, line 210]
Event: 13.345 Thread 0x000000001aea0800 Exception <a 'java/lang/ClassNotFoundException': org/gradle/api/internal/file/CompositeFileCollectionCustomizer> (0x00000000e28a0658) thrown at [D:\src\AOSP-openjdk-cygwin\jdk8u\hotspot\src\share\vm\classfile\systemDictionary.cpp, line 210]
Event: 13.347 Thread 0x000000001aea0800 Exception <a 'java/lang/ClassNotFoundException': org/gradle/api/internal/file/CompositeFileTreeCustomizer> (0x00000000e28e4ea8) thrown at [D:\src\AOSP-openjdk-cygwin\jdk8u\hotspot\src\share\vm\classfile\systemDictionary.cpp, line 210]
Event: 13.349 Thread 0x000000001aea0800 Exception <a 'java/lang/ClassNotFoundException': org/gradle/api/internal/file/collections/DefaultConfigurableFileTreeCustomizer> (0x00000000e2932fa0) thrown at [D:\src\AOSP-openjdk-cygwin\jdk8u\hotspot\src\share\vm\classfile\systemDictionary.cpp, line 210

Events (10 events):
Event: 13.638 loading class com/sun/org/apache/xerces/internal/impl/XMLScanner
Event: 13.639 loading class com/sun/org/apache/xerces/internal/impl/XMLScanner done
Event: 13.639 loading class com/sun/org/apache/xerces/internal/impl/XMLDocumentFragmentScannerImpl done
Event: 13.639 loading class com/sun/org/apache/xerces/internal/impl/XMLDocumentScannerImpl done
Event: 13.639 loading class com/sun/org/apache/xerces/internal/impl/XMLNSDocumentScannerImpl done
Event: 13.640 loading class com/sun/org/apache/xerces/internal/xni/XMLString
Event: 13.640 loading class com/sun/org/apache/xerces/internal/xni/XMLString done
Event: 13.640 loading class com/sun/org/apache/xerces/internal/util/XMLStringBuffer
Event: 13.641 loading class com/sun/org/apache/xerces/internal/util/XMLStringBuffer done
Event: 13.641 loading class com/sun/org/apache/xerces/internal/impl/XMLDocumentFragmentScannerImpl$ElementStack


Dynamic libraries:
0x00007ff6cf6c0000 - 0x00007ff6cf6f1000 	C:\Program Files\Android\Android Studio\jre\bin\java.exe
0x00007ffba7370000 - 0x00007ffba7564000 	C:\WINDOWS\SYSTEM32\ntdll.dll
0x00007ffba6710000 - 0x00007ffba67cd000 	C:\WINDOWS\System32\KERNEL32.DLL
0x00007ffba4af0000 - 0x00007ffba4db7000 	C:\WINDOWS\System32\KERNELBASE.dll
0x00007ffba5fb0000 - 0x00007ffba605a000 	C:\WINDOWS\System32\ADVAPI32.dll
0x00007ffba5c80000 - 0x00007ffba5d1e000 	C:\WINDOWS\System32\msvcrt.dll
0x00007ffba6930000 - 0x00007ffba69cb000 	C:\WINDOWS\System32\sechost.dll
0x00007ffba53e0000 - 0x00007ffba5503000 	C:\WINDOWS\System32\RPCRT4.dll
0x00007ffba6170000 - 0x00007ffba6310000 	C:\WINDOWS\System32\USER32.dll
0x00007ffba4ac0000 - 0x00007ffba4ae2000 	C:\WINDOWS\System32\win32u.dll
0x00007ffba5c50000 - 0x00007ffba5c7a000 	C:\WINDOWS\System32\GDI32.dll
0x00007ffba4df0000 - 0x00007ffba4ef9000 	C:\WINDOWS\System32\gdi32full.dll
0x00007ffba5260000 - 0x00007ffba52fd000 	C:\WINDOWS\System32\msvcp_win.dll
0x00007ffba5160000 - 0x00007ffba5260000 	C:\WINDOWS\System32\ucrtbase.dll
0x00007ffb8e080000 - 0x00007ffb8e31a000 	C:\WINDOWS\WinSxS\amd64_microsoft.windows.common-controls_6595b64144ccf1df_6.0.19041.1_none_b555e41d4684ddec\COMCTL32.dll
0x00007ffba6b20000 - 0x00007ffba6b50000 	C:\WINDOWS\System32\IMM32.DLL
0x000000006c0c0000 - 0x000000006c192000 	C:\Program Files\Android\Android Studio\jre\jre\bin\msvcr100.dll
0x000000006c1a0000 - 0x000000006c9e6000 	C:\Program Files\Android\Android Studio\jre\jre\bin\server\jvm.dll
0x00007ffba6b50000 - 0x00007ffba6b58000 	C:\WINDOWS\System32\PSAPI.DLL
0x00007ffb91dc0000 - 0x00007ffb91dc9000 	C:\WINDOWS\SYSTEM32\WSOCK32.dll
0x00007ffb90330000 - 0x00007ffb90357000 	C:\WINDOWS\SYSTEM32\WINMM.dll
0x00007ffb9a1e0000 - 0x00007ffb9a1ea000 	C:\WINDOWS\SYSTEM32\VERSION.dll
0x00007ffba67e0000 - 0x00007ffba684b000 	C:\WINDOWS\System32\WS2_32.dll
0x00007ffb9ee40000 - 0x00007ffb9ee4f000 	C:\Program Files\Android\Android Studio\jre\jre\bin\verify.dll
0x00007ffb93e40000 - 0x00007ffb93e69000 	C:\Program Files\Android\Android Studio\jre\jre\bin\java.dll
0x00007ffb9dbc0000 - 0x00007ffb9dbd6000 	C:\Program Files\Android\Android Studio\jre\jre\bin\zip.dll
0x00007ffba5510000 - 0x00007ffba5c41000 	C:\WINDOWS\System32\SHELL32.dll
0x00007ffba2ce0000 - 0x00007ffba346a000 	C:\WINDOWS\SYSTEM32\windows.storage.dll
0x00007ffba6390000 - 0x00007ffba66e4000 	C:\WINDOWS\System32\combase.dll
0x00007ffba4470000 - 0x00007ffba449b000 	C:\WINDOWS\SYSTEM32\Wldp.dll
0x00007ffba6bc0000 - 0x00007ffba6c6e000 	C:\WINDOWS\System32\SHCORE.dll
0x00007ffba6b60000 - 0x00007ffba6bb5000 	C:\WINDOWS\System32\shlwapi.dll
0x00007ffba4a00000 - 0x00007ffba4a1f000 	C:\WINDOWS\SYSTEM32\profapi.dll
0x00007ffb9bb80000 - 0x00007ffb9bb9a000 	C:\Program Files\Android\Android Studio\jre\jre\bin\net.dll
0x00007ffb9a3f0000 - 0x00007ffb9a5dd000 	C:\WINDOWS\SYSTEM32\urlmon.dll
0x00007ffb9b2e0000 - 0x00007ffb9b58e000 	C:\WINDOWS\SYSTEM32\iertutil.dll
0x00007ffba41f0000 - 0x00007ffba425a000 	C:\WINDOWS\system32\mswsock.dll
0x00007ffb94770000 - 0x00007ffb94783000 	C:\Program Files\Android\Android Studio\jre\jre\bin\nio.dll
0x00007ffb8dea0000 - 0x00007ffb8dec6000 	C:\Users\USUARIO\.gradle\native\29\windows-amd64\native-platform.dll
0x00007ffb9e620000 - 0x00007ffb9e62d000 	C:\Program Files\Android\Android Studio\jre\jre\bin\management.dll
0x00007ffba43c0000 - 0x00007ffba43d8000 	C:\WINDOWS\SYSTEM32\CRYPTSP.dll
0x00007ffba3b80000 - 0x00007ffba3bb4000 	C:\WINDOWS\system32\rsaenh.dll
0x00007ffba4dc0000 - 0x00007ffba4de7000 	C:\WINDOWS\System32\bcrypt.dll
0x00007ffba49c0000 - 0x00007ffba49ee000 	C:\WINDOWS\SYSTEM32\USERENV.dll
0x00007ffba5300000 - 0x00007ffba537f000 	C:\WINDOWS\System32\bcryptprimitives.dll
0x00007ffba43e0000 - 0x00007ffba43ec000 	C:\WINDOWS\SYSTEM32\CRYPTBASE.dll
0x00007ffba3ee0000 - 0x00007ffba3f1b000 	C:\WINDOWS\SYSTEM32\IPHLPAPI.DLL
0x00007ffba67d0000 - 0x00007ffba67d9000 	C:\WINDOWS\System32\NSI.dll
0x00007ffb9ea10000 - 0x00007ffb9ea27000 	C:\WINDOWS\SYSTEM32\dhcpcsvc6.DLL
0x00007ffb9ea70000 - 0x00007ffb9ea8d000 	C:\WINDOWS\SYSTEM32\dhcpcsvc.DLL
0x00007ffba3f20000 - 0x00007ffba3fea000 	C:\WINDOWS\SYSTEM32\DNSAPI.dll

VM Arguments:
jvm_args: -Xmx1536m -Dfile.encoding=windows-1252 -Duser.country=CO -Duser.language=es -Duser.variant 
java_command: org.gradle.launcher.daemon.bootstrap.GradleDaemon 5.4.1
java_class_path (initial): C:\Users\USUARIO\.gradle\wrapper\dists\gradle-5.4.1-all\3221gyojl5jsh0helicew7rwx\gradle-5.4.1\lib\gradle-launcher-5.4.1.jar
Launcher Type: SUN_STANDARD

Environment Variables:
PATH=C:\Program Files (x86)\Common Files\Oracle\Java\javapath;C:\Windows\system32;C:\Program Files (x86)\Intel\Intel(R) Management Engine Components\iCLS\;C:\Program Files\Intel\Intel(R) Management Engine Components\iCLS\;C:\Windows;C:\Windows\System32\Wbem;C:\Windows\System32\WindowsPowerShell\v1.0\;C:\Windows\System32\OpenSSH\;C:\Program Files (x86)\Intel\Intel(R) Management Engine Components\DAL;C:\Program Files\Intel\Intel(R) Management Engine Components\DAL;C:\Program Files (x86)\Intel\Intel(R) Management Engine Components\IPT;C:\Program Files\Intel\Intel(R) Management Engine Components\IPT;C:\Program Files\Git\cmd;C:\Program Files\nodejs\;C:\Users\USUARIO\.dnx\bin;C:\Program Files\Microsoft DNX\Dnvm\;C:\Program Files\Microsoft SQL Server\120\Tools\Binn\;C:\Program Files\Microsoft SQL Server\130\Tools\Binn\;C:\Program Files (x86)\Windows Kits\10\Windows Performance Toolkit\;C:\Program Files (x86)\Microsoft SQL Server\150\DTS\Binn\;C:\Program Files\Microsoft SQL Server\Client SDK\ODBC\130\Tools\Binn\;C:\Progra;%SystemRoot%\system32;%SystemRoot%;%SystemRoot%\System32\Wbem;%SYSTEMROOT%\System32\WindowsPowerShell\v1.0\;%SYSTEMROOT%\System32\OpenSSH\;C:\Users\USUARIO\AppData\Local\Microsoft\WindowsApps;C:\Users\USUARIO\AppData\Local\Programs\Microsoft VS Code\bin;C:\Users\USUARIO\AppData\Roaming\npm;C:\Users\USUARIO\AppData\Local\GitHubDesktop\bin
USERNAME=USUARIO
OS=Windows_NT
PROCESSOR_IDENTIFIER=Intel64 Family 6 Model 142 Stepping 10, GenuineIntel



---------------  S Y S T E M  ---------------

OS: Windows 10.0 , 64 bit Build 19041 (10.0.19041.207)

CPU:total 8 (initial active 8) (4 cores per cpu, 2 threads per core) family 6 model 142 stepping 10, cmov, cx8, fxsr, mmx, sse, sse2, sse3, ssse3, sse4.1, sse4.2, popcnt, avx, avx2, aes, clmul, erms, 3dnowpref, lzcnt, ht, tsc, tscinvbit, bmi1, bmi2, adx

Memory: 4k page, physical 8259148k(2532548k free), swap 13379148k(5316k free)

vm_info: OpenJDK 64-Bit Server VM (25.212-b04) for windows-amd64 JRE (1.8.0_212-release-1586-b04), built by "builder" with MS VC++ 10.0 (VS2010)

time: Thu May 28 22:30:25 2020
timezone: Hora est. Pacífico, Sudamérica
elapsed time: 13 seconds (0d 0h 0m 13s)

